The system is: Linux - 3.10.0-957.27.2.el7.x86_64 - x86_64
Compiling the Fortran compiler identification source file "CMakeFortranCompilerId.F" succeeded.
Compiler: /opt/intel/compilers_and_libraries_2019.5.281/linux/bin/intel64/ifort 
Build flags: 
Id flags: -v 

The output was:
0
ifort version 19.0.5.281
/opt/intel/compilers_and_libraries_2019.5.281/linux/bin/intel64/fpp    -D__INTEL_COMPILER=1900 -D__INTEL_COMPILER_UPDATE=5 -D__unix__ -D__unix -D__linux__ -D__linux -D__gnu_linux__ -Dunix -Dlinux -D__ELF__ -D__x86_64 -D__x86_64__ -D__amd64 -D__amd64__ -D__INTEL_COMPILER_BUILD_DATE=20190815 -D__INTEL_OFFLOAD -D__i686 -D__i686__ -D__pentiumpro -D__pentiumpro__ -D__tune_i686__ -D__tune_pentiumpro__ -D__pentium4 -D__pentium4__ -D__tune_pentium4__ -D__SSE2__ -D__SSE2_MATH__ -D__SSE__ -D__SSE_MATH__ -D__MMX__ -I. -I/opt/intel/compilers_and_libraries_2019.5.281/linux/ipp/include -I/opt/intel/compilers_and_libraries_2019.5.281/linux/mkl/include -I/opt/intel/compilers_and_libraries_2019.5.281/linux/pstl/include -I/opt/intel/compilers_and_libraries_2019.5.281/linux/tbb/include -I/opt/intel/compilers_and_libraries_2019.5.281/linux/daal/include -I/opt/intel/compilers_and_libraries_2019.5.281/linux/compiler/include/intel64 -I/opt/intel/compilers_and_libraries_2019.5.281/linux/compiler/include/icc -I/opt/intel/compilers_and_libraries_2019.5.281/linux/compiler/include -I/usr/local/include -I/usr/lib/gcc/x86_64-redhat-linux/4.8.5/include -I/usr/include/ -I/usr/include -fixed -4Ycpp -4Ncvf -f_com=yes -MX CMakeFortranCompilerId.F /tmp/iforthl5LHT.i
#include "..." search starts here:
#include <...> search starts here:
 .
 /opt/intel/compilers_and_libraries_2019.5.281/linux/ipp/include
 /opt/intel/compilers_and_libraries_2019.5.281/linux/mkl/include
 /opt/intel/compilers_and_libraries_2019.5.281/linux/pstl/include
 /opt/intel/compilers_and_libraries_2019.5.281/linux/tbb/include
 /opt/intel/compilers_and_libraries_2019.5.281/linux/daal/include
 /opt/intel/compilers_and_libraries_2019.5.281/linux/compiler/include/intel64
 /opt/intel/compilers_and_libraries_2019.5.281/linux/compiler/include/icc
 /opt/intel/compilers_and_libraries_2019.5.281/linux/compiler/include
 /usr/local/include
 /usr/lib/gcc/x86_64-redhat-linux/4.8.5/include
 /usr/include/
 /usr/include
End of search list.
/opt/intel/compilers_and_libraries_2019.5.281/linux/bin/intel64/fortcom    -D__INTEL_COMPILER=1900 -D__INTEL_COMPILER_UPDATE=5 -D__unix__ -D__unix -D__linux__ -D__linux -D__gnu_linux__ -Dunix -Dlinux -D__ELF__ -D__x86_64 -D__x86_64__ -D__amd64 -D__amd64__ -D__INTEL_COMPILER_BUILD_DATE=20190815 -D__INTEL_OFFLOAD -D__i686 -D__i686__ -D__pentiumpro -D__pentiumpro__ -D__tune_i686__ -D__tune_pentiumpro__ -D__pentium4 -D__pentium4__ -D__tune_pentium4__ -D__SSE2__ -D__SSE2_MATH__ -D__SSE__ -D__SSE_MATH__ -D__MMX__ -mGLOB_pack_sort_init_list -I. -I/opt/intel/compilers_and_libraries_2019.5.281/linux/ipp/include -I/opt/intel/compilers_and_libraries_2019.5.281/linux/mkl/include -I/opt/intel/compilers_and_libraries_2019.5.281/linux/pstl/include -I/opt/intel/compilers_and_libraries_2019.5.281/linux/tbb/include -I/opt/intel/compilers_and_libraries_2019.5.281/linux/daal/include -I/opt/intel/compilers_and_libraries_2019.5.281/linux/compiler/include/intel64 -I/opt/intel/compilers_and_libraries_2019.5.281/linux/compiler/include/icc -I/opt/intel/compilers_and_libraries_2019.5.281/linux/compiler/include -I/usr/local/include -I/usr/lib/gcc/x86_64-redhat-linux/4.8.5/include -I/usr/include/ -I/usr/include -omp_simd -O2 "-reentrancy threaded" -simd -offload_host -mGLOB_em64t=TRUE -mP1OPT_version=19.0-intel64 -mGLOB_diag_file=/tmp/ifort0ojX0i.diag -mGLOB_long_size_64 -mGLOB_routine_pointer_size_64 -mGLOB_source_language=GLOB_SOURCE_LANGUAGE_F90 -mP2OPT_static_promotion -mP1OPT_print_version=FALSE -mCG_use_gas_got_workaround=F -mP2OPT_align_option_used=TRUE -mGLOB_gcc_version=485 -mGLOB_options_string=-v -mGLOB_cxx_limited_range=FALSE -mCG_extend_parms=FALSE -mGLOB_compiler_bin_directory=/opt/intel/compilers_and_libraries_2019.5.281/linux/bin/intel64 -mGLOB_as_output_backup_file_name=/tmp/ifortxEr864as_.s -mGLOB_dashboard_use_source_name -mIPOPT_activate -mIPOPT_lite -mGLOB_uarch_tuning=0x0 -mGLOB_product_id_code=0x22006d91 -mCG_bnl_movbe=T -mGLOB_extended_instructions=0x8 -mP3OPT_use_mspp_call_convention -mP2OPT_subs_out_of_bound=FALSE -mP2OPT_disam_type_based_disam=2 -mGLOB_ansi_alias -mPGOPTI_value_profile_use=T -mGLOB_opt_report_use_source_name -mGLOB_offload_mode=1 -mP2OPT_offload_unique_var_string=ifort0116384777HxiiEW -mP2OPT_hlo_level=2 -mP2OPT_hlo -mP2OPT_hpo_rtt_control=0 -mIPOPT_args_in_regs=0 -mP2OPT_disam_assume_nonstd_intent_in=FALSE -mGLOB_imf_mapping_library=/opt/intel/compilers_and_libraries_2019.5.281/linux/bin/intel64/libiml_attr.so -mIPOPT_single_file_compile_and_link=TRUE -mPGOPTI_gen_threadsafe_level=0 -mIPOPT_lto_object_enabled -mIPOPT_lto_object_value=1 -mIPOPT_obj_output_file_name=/tmp/ifort0ojX0i.o -mIPOPT_whole_archive_fixup_file_name=/tmp/ifortwarch4UPWxg -mGLOB_linker_version=2.27 -mGLOB_linker=ld -mGLOB_driver_tempfile_name=/tmp/iforttempfileDIZvgR -mP3OPT_asm_target=P3OPT_ASM_TARGET_GAS -mGLOB_async_unwind_tables=TRUE -mGLOB_obj_output_file=/tmp/ifort0ojX0i.o -mGLOB_source_dialect=GLOB_SOURCE_DIALECT_FORTRAN -mP1OPT_source_file_name=CMakeFortranCompilerId.F -mP1OPT_full_source_file_name=/pylon5/oc5phkp/ewhite12/code/ICM_Morph/build/CMakeFiles/3.17.0/CompilerIdFortran/CMakeFortranCompilerId.F -mP2OPT_symtab_type_copy=true /tmp/iforthl5LHT.i
#include "..." search starts here:
#include <...> search starts here:
 .
 /opt/intel/compilers_and_libraries_2019.5.281/linux/ipp/include
 /opt/intel/compilers_and_libraries_2019.5.281/linux/mkl/include
 /opt/intel/compilers_and_libraries_2019.5.281/linux/pstl/include
 /opt/intel/compilers_and_libraries_2019.5.281/linux/tbb/include
 /opt/intel/compilers_and_libraries_2019.5.281/linux/daal/include
 /opt/intel/compilers_and_libraries_2019.5.281/linux/compiler/include/intel64
 /opt/intel/compilers_and_libraries_2019.5.281/linux/compiler/include/icc
 /opt/intel/compilers_and_libraries_2019.5.281/linux/compiler/include
 /usr/local/include
 /usr/lib/gcc/x86_64-redhat-linux/4.8.5/include
 /usr/include/
 /usr/include
End of search list.
ld    /usr/lib/gcc/x86_64-redhat-linux/4.8.5/../../../../lib64/crt1.o /usr/lib/gcc/x86_64-redhat-linux/4.8.5/../../../../lib64/crti.o /usr/lib/gcc/x86_64-redhat-linux/4.8.5/crtbegin.o --eh-frame-hdr --build-id -dynamic-linker /lib64/ld-linux-x86-64.so.2 -m elf_x86_64 -o a.out /opt/intel/compilers_and_libraries_2019.5.281/linux/compiler/lib/intel64_lin/for_main.o -L/opt/intel/clck/2019.5/lib/intel64 -L/opt/intel/compilers_and_libraries_2019.5.281/linux/mpi/intel64/libfabric/lib -L/opt/intel/compilers_and_libraries_2019.5.281/linux/ipp/lib/intel64 -L/opt/intel/compilers_and_libraries_2019.5.281/linux/compiler/lib/intel64_lin -L/opt/intel/compilers_and_libraries_2019.5.281/linux/mkl/lib/intel64_lin -L/opt/intel/compilers_and_libraries_2019.5.281/linux/tbb/lib/intel64/gcc4.7 -L/opt/intel/compilers_and_libraries_2019.5.281/linux/daal/lib/intel64_lin -L/opt/intel/compilers_and_libraries_2019.5.281/linux/compiler/lib/intel64_lin -L/usr/lib/gcc/x86_64-redhat-linux/4.8.5/ -L/usr/lib/gcc/x86_64-redhat-linux/4.8.5/../../../../lib64 -L/usr/lib/gcc/x86_64-redhat-linux/4.8.5/../../../../lib64/ -L/lib/../lib64 -L/lib/../lib64/ -L/usr/lib/../lib64 -L/usr/lib/../lib64/ -L/opt/intel/clck/2019.5/lib/intel64/ -L/opt/intel/compilers_and_libraries_2019.5.281/linux/mpi/intel64/libfabric/lib/ -L/opt/intel/compilers_and_libraries_2019.5.281/linux/ipp/lib/intel64/ -L/opt/intel/compilers_and_libraries_2019.5.281/linux/compiler/lib/intel64_lin/ -L/opt/intel/compilers_and_libraries_2019.5.281/linux/mkl/lib/intel64_lin/ -L/opt/intel/compilers_and_libraries_2019.5.281/linux/tbb/lib/intel64/gcc4.7/ -L/opt/intel/compilers_and_libraries_2019.5.281/linux/daal/lib/intel64_lin/ -L/usr/lib/gcc/x86_64-redhat-linux/4.8.5/../../../ -L/lib64 -L/lib/ -L/usr/lib64 -L/usr/lib -L/usr/lib/i386-linux-gnu /tmp/ifort0ojX0i.o -Bdynamic -Bstatic -lifport -lifcoremt -limf -lsvml -Bdynamic -lm -Bstatic -lipgo -lirc -Bdynamic -lpthread -Bstatic -lsvml -Bdynamic -lc -lgcc -lgcc_s -Bstatic -lirc_s -Bdynamic -ldl -lc /usr/lib/gcc/x86_64-redhat-linux/4.8.5/crtend.o /usr/lib/gcc/x86_64-redhat-linux/4.8.5/../../../../lib64/crtn.o


Compilation of the Fortran compiler identification source "CMakeFortranCompilerId.F" produced "a.out"

The Fortran compiler identification is Intel, found in "/pylon5/oc5phkp/ewhite12/code/ICM_Morph/build/CMakeFiles/3.17.0/CompilerIdFortran/a.out"

Determining if the Fortran compiler works passed with the following output:
Change Dir: /pylon5/oc5phkp/ewhite12/code/ICM_Morph/build/CMakeFiles/CMakeTmp

Run Build Command(s):/usr/bin/gmake cmTC_f9edb/fast && /usr/bin/gmake -f CMakeFiles/cmTC_f9edb.dir/build.make CMakeFiles/cmTC_f9edb.dir/build
gmake[1]: Entering directory `/pylon5/oc5phkp/ewhite12/code/ICM_Morph/build/CMakeFiles/CMakeTmp'
Building Fortran object CMakeFiles/cmTC_f9edb.dir/testFortranCompiler.f.o
/opt/intel/compilers_and_libraries_2019.5.281/linux/bin/intel64/ifort    -c /pylon5/oc5phkp/ewhite12/code/ICM_Morph/build/CMakeFiles/CMakeTmp/testFortranCompiler.f -o CMakeFiles/cmTC_f9edb.dir/testFortranCompiler.f.o
Linking Fortran executable cmTC_f9edb
/opt/packages/cmake/3.17.0/bin/cmake -E cmake_link_script CMakeFiles/cmTC_f9edb.dir/link.txt --verbose=1
/opt/intel/compilers_and_libraries_2019.5.281/linux/bin/intel64/ifort      CMakeFiles/cmTC_f9edb.dir/testFortranCompiler.f.o  -o cmTC_f9edb 
gmake[1]: Leaving directory `/pylon5/oc5phkp/ewhite12/code/ICM_Morph/build/CMakeFiles/CMakeTmp'



Detecting Fortran compiler ABI info compiled with the following output:
Change Dir: /pylon5/oc5phkp/ewhite12/code/ICM_Morph/build/CMakeFiles/CMakeTmp

Run Build Command(s):/usr/bin/gmake cmTC_976a2/fast && /usr/bin/gmake -f CMakeFiles/cmTC_976a2.dir/build.make CMakeFiles/cmTC_976a2.dir/build
gmake[1]: Entering directory `/pylon5/oc5phkp/ewhite12/code/ICM_Morph/build/CMakeFiles/CMakeTmp'
Building Fortran object CMakeFiles/cmTC_976a2.dir/CMakeFortranCompilerABI.F.o
/opt/intel/compilers_and_libraries_2019.5.281/linux/bin/intel64/ifort   -v -c /opt/packages/cmake/3.17.0/share/cmake-3.17/Modules/CMakeFortranCompilerABI.F -o CMakeFiles/cmTC_976a2.dir/CMakeFortranCompilerABI.F.o
ifort version 19.0.5.281
/opt/intel/compilers_and_libraries_2019.5.281/linux/bin/intel64/fpp    -D__INTEL_COMPILER=1900 -D__INTEL_COMPILER_UPDATE=5 -D__unix__ -D__unix -D__linux__ -D__linux -D__gnu_linux__ -Dunix -Dlinux -D__ELF__ -D__x86_64 -D__x86_64__ -D__amd64 -D__amd64__ -D__INTEL_COMPILER_BUILD_DATE=20190815 -D__INTEL_OFFLOAD -D__i686 -D__i686__ -D__pentiumpro -D__pentiumpro__ -D__tune_i686__ -D__tune_pentiumpro__ -D__pentium4 -D__pentium4__ -D__tune_pentium4__ -D__SSE2__ -D__SSE2_MATH__ -D__SSE__ -D__SSE_MATH__ -D__MMX__ -I. -I/opt/intel/compilers_and_libraries_2019.5.281/linux/ipp/include -I/opt/intel/compilers_and_libraries_2019.5.281/linux/mkl/include -I/opt/intel/compilers_and_libraries_2019.5.281/linux/pstl/include -I/opt/intel/compilers_and_libraries_2019.5.281/linux/tbb/include -I/opt/intel/compilers_and_libraries_2019.5.281/linux/daal/include -I/opt/intel/compilers_and_libraries_2019.5.281/linux/compiler/include/intel64 -I/opt/intel/compilers_and_libraries_2019.5.281/linux/compiler/include/icc -I/opt/intel/compilers_and_libraries_2019.5.281/linux/compiler/include -I/usr/local/include -I/usr/lib/gcc/x86_64-redhat-linux/4.8.5/include -I/usr/include/ -I/usr/include -fixed -4Ycpp -4Ncvf -f_com=yes -MX /opt/packages/cmake/3.17.0/share/cmake-3.17/Modules/CMakeFortranCompilerABI.F /tmp/iforthVnGgL.i
#include "..." search starts here:
#include <...> search starts here:
 .
 /opt/intel/compilers_and_libraries_2019.5.281/linux/ipp/include
 /opt/intel/compilers_and_libraries_2019.5.281/linux/mkl/include
 /opt/intel/compilers_and_libraries_2019.5.281/linux/pstl/include
 /opt/intel/compilers_and_libraries_2019.5.281/linux/tbb/include
 /opt/intel/compilers_and_libraries_2019.5.281/linux/daal/include
 /opt/intel/compilers_and_libraries_2019.5.281/linux/compiler/include/intel64
 /opt/intel/compilers_and_libraries_2019.5.281/linux/compiler/include/icc
 /opt/intel/compilers_and_libraries_2019.5.281/linux/compiler/include
 /usr/local/include
 /usr/lib/gcc/x86_64-redhat-linux/4.8.5/include
 /usr/include/
 /usr/include
End of search list.
/opt/intel/compilers_and_libraries_2019.5.281/linux/bin/intel64/fortcom    -D__INTEL_COMPILER=1900 -D__INTEL_COMPILER_UPDATE=5 -D__unix__ -D__unix -D__linux__ -D__linux -D__gnu_linux__ -Dunix -Dlinux -D__ELF__ -D__x86_64 -D__x86_64__ -D__amd64 -D__amd64__ -D__INTEL_COMPILER_BUILD_DATE=20190815 -D__INTEL_OFFLOAD -D__i686 -D__i686__ -D__pentiumpro -D__pentiumpro__ -D__tune_i686__ -D__tune_pentiumpro__ -D__pentium4 -D__pentium4__ -D__tune_pentium4__ -D__SSE2__ -D__SSE2_MATH__ -D__SSE__ -D__SSE_MATH__ -D__MMX__ -mGLOB_pack_sort_init_list -I/opt/packages/cmake/3.17.0/share/cmake-3.17/Modules -I. -I/opt/intel/compilers_and_libraries_2019.5.281/linux/ipp/include -I/opt/intel/compilers_and_libraries_2019.5.281/linux/mkl/include -I/opt/intel/compilers_and_libraries_2019.5.281/linux/pstl/include -I/opt/intel/compilers_and_libraries_2019.5.281/linux/tbb/include -I/opt/intel/compilers_and_libraries_2019.5.281/linux/daal/include -I/opt/intel/compilers_and_libraries_2019.5.281/linux/compiler/include/intel64 -I/opt/intel/compilers_and_libraries_2019.5.281/linux/compiler/include/icc -I/opt/intel/compilers_and_libraries_2019.5.281/linux/compiler/include -I/usr/local/include -I/usr/lib/gcc/x86_64-redhat-linux/4.8.5/include -I/usr/include/ -I/usr/include -omp_simd -O2 "-reentrancy threaded" -simd -offload_host -mGLOB_em64t=TRUE -mP1OPT_version=19.0-intel64 -mGLOB_diag_file=CMakeFiles/cmTC_976a2.dir/CMakeFortranCompilerABI.F.diag -mGLOB_long_size_64 -mGLOB_routine_pointer_size_64 -mGLOB_source_language=GLOB_SOURCE_LANGUAGE_F90 -mP2OPT_static_promotion -mP1OPT_print_version=FALSE -mCG_use_gas_got_workaround=F -mP2OPT_align_option_used=TRUE -mGLOB_gcc_version=485 "-mGLOB_options_string=-v -c -o CMakeFiles/cmTC_976a2.dir/CMakeFortranCompilerABI.F.o" -mGLOB_cxx_limited_range=FALSE -mCG_extend_parms=FALSE -mGLOB_compiler_bin_directory=/opt/intel/compilers_and_libraries_2019.5.281/linux/bin/intel64 -mGLOB_as_output_backup_file_name=/tmp/ifortjy2gf0as_.s -mIPOPT_activate -mIPOPT_lite -mGLOB_uarch_tuning=0x0 -mGLOB_product_id_code=0x22006d91 -mCG_bnl_movbe=T -mGLOB_extended_instructions=0x8 -mP3OPT_use_mspp_call_convention -mP2OPT_subs_out_of_bound=FALSE -mP2OPT_disam_type_based_disam=2 -mGLOB_ansi_alias -mPGOPTI_value_profile_use=T -mGLOB_offload_mode=1 -mP2OPT_offload_unique_var_string=ifort0794727719aoreTT -mP2OPT_hlo_level=2 -mP2OPT_hlo -mP2OPT_hpo_rtt_control=0 -mIPOPT_args_in_regs=0 -mP2OPT_disam_assume_nonstd_intent_in=FALSE -mGLOB_imf_mapping_library=/opt/intel/compilers_and_libraries_2019.5.281/linux/bin/intel64/libiml_attr.so -mPGOPTI_gen_threadsafe_level=0 -mIPOPT_lto_object_enabled -mIPOPT_lto_object_value=1 -mIPOPT_obj_output_file_name=CMakeFiles/cmTC_976a2.dir/CMakeFortranCompilerABI.F.o -mIPOPT_whole_archive_fixup_file_name=/tmp/ifortwarchd7dBef -mGLOB_linker_version=2.27 -mGLOB_linker=ld -mGLOB_driver_tempfile_name=/tmp/iforttempfilej6jpJR -mP3OPT_asm_target=P3OPT_ASM_TARGET_GAS -mGLOB_async_unwind_tables=TRUE -mGLOB_obj_output_file=CMakeFiles/cmTC_976a2.dir/CMakeFortranCompilerABI.F.o -mGLOB_source_dialect=GLOB_SOURCE_DIALECT_FORTRAN -mP1OPT_source_file_name=/opt/packages/cmake/3.17.0/share/cmake-3.17/Modules/CMakeFortranCompilerABI.F -mP1OPT_full_source_file_name=/opt/packages/cmake/3.17.0/share/cmake-3.17/Modules/CMakeFortranCompilerABI.F -mP2OPT_symtab_type_copy=true /tmp/iforthVnGgL.i
#include "..." search starts here:
#include <...> search starts here:
 /opt/packages/cmake/3.17.0/share/cmake-3.17/Modules
 .
 /opt/intel/compilers_and_libraries_2019.5.281/linux/ipp/include
 /opt/intel/compilers_and_libraries_2019.5.281/linux/mkl/include
 /opt/intel/compilers_and_libraries_2019.5.281/linux/pstl/include
 /opt/intel/compilers_and_libraries_2019.5.281/linux/tbb/include
 /opt/intel/compilers_and_libraries_2019.5.281/linux/daal/include
 /opt/intel/compilers_and_libraries_2019.5.281/linux/compiler/include/intel64
 /opt/intel/compilers_and_libraries_2019.5.281/linux/compiler/include/icc
 /opt/intel/compilers_and_libraries_2019.5.281/linux/compiler/include
 /usr/local/include
 /usr/lib/gcc/x86_64-redhat-linux/4.8.5/include
 /usr/include/
 /usr/include
End of search list.
Linking Fortran executable cmTC_976a2
/opt/packages/cmake/3.17.0/bin/cmake -E cmake_link_script CMakeFiles/cmTC_976a2.dir/link.txt --verbose=1
/opt/intel/compilers_and_libraries_2019.5.281/linux/bin/intel64/ifort   -v   CMakeFiles/cmTC_976a2.dir/CMakeFortranCompilerABI.F.o  -o cmTC_976a2 
ifort version 19.0.5.281
/opt/intel/compilers_and_libraries_2019.5.281/linux/bin/intel64/fortcom    -mGLOB_em64t=TRUE -mP1OPT_version=19.0-intel64 -mGLOB_diag_file=CMakeFiles/cmTC_976a2.dir/CMakeFortranCompilerABI.F.diag -mGLOB_long_size_64 -mGLOB_routine_pointer_size_64 -mGLOB_source_language=GLOB_SOURCE_LANGUAGE_F90 -mP2OPT_static_promotion -mP1OPT_print_version=FALSE -mCG_use_gas_got_workaround=F -mP2OPT_align_option_used=TRUE -mGLOB_gcc_version=485 "-mGLOB_options_string=-v -o cmTC_976a2" -mGLOB_cxx_limited_range=FALSE -mCG_extend_parms=FALSE -mGLOB_compiler_bin_directory=/opt/intel/compilers_and_libraries_2019.5.281/linux/bin/intel64 -mGLOB_as_output_backup_file_name=/tmp/iforthMSKxHas_.s -mGLOB_dashboard_use_source_name -mIPOPT_activate -mGLOB_product_id_code=0x22006d91 -mP3OPT_use_mspp_call_convention -mP2OPT_subs_out_of_bound=FALSE -mP2OPT_disam_type_based_disam=2 -mGLOB_ansi_alias -mPGOPTI_value_profile_use=T -mGLOB_opt_report_use_source_name -mGLOB_offload_mode=1 -mP2OPT_offload_unique_var_string=ifort0704735403PjiBO4 -mP2OPT_hlo -mP2OPT_hpo_rtt_control=0 -mIPOPT_args_in_regs=0 -mP2OPT_disam_assume_nonstd_intent_in=FALSE -mGLOB_imf_mapping_library=/opt/intel/compilers_and_libraries_2019.5.281/linux/bin/intel64/libiml_attr.so -mPGOPTI_gen_threadsafe_level=0 -mIPOPT_link -mIPOPT_ipo_activate -mIPOPT_mo_activate -mIPOPT_source_files_list=/tmp/ifortslis0LaS1r -mIPOPT_mo_global_data -mIPOPT_link_script_file=/tmp/ifortscriptZ2nOM4 "-mIPOPT_cmdline_link="/usr/lib/gcc/x86_64-redhat-linux/4.8.5/../../../../lib64/crt1.o" "/usr/lib/gcc/x86_64-redhat-linux/4.8.5/../../../../lib64/crti.o" "/usr/lib/gcc/x86_64-redhat-linux/4.8.5/crtbegin.o" "--eh-frame-hdr" "--build-id" "-dynamic-linker" "/lib64/ld-linux-x86-64.so.2" "-m" "elf_x86_64" "-o" "cmTC_976a2" "/opt/intel/compilers_and_libraries_2019.5.281/linux/compiler/lib/intel64_lin/for_main.o" "-L/opt/intel/clck/2019.5/lib/intel64" "-L/opt/intel/compilers_and_libraries_2019.5.281/linux/mpi/intel64/libfabric/lib" "-L/opt/intel/compilers_and_libraries_2019.5.281/linux/ipp/lib/intel64" "-L/opt/intel/compilers_and_libraries_2019.5.281/linux/compiler/lib/intel64_lin" "-L/opt/intel/compilers_and_libraries_2019.5.281/linux/mkl/lib/intel64_lin" "-L/opt/intel/compilers_and_libraries_2019.5.281/linux/tbb/lib/intel64/gcc4.7" "-L/opt/intel/compilers_and_libraries_2019.5.281/linux/daal/lib/intel64_lin" "-L/opt/intel/compilers_and_libraries_2019.5.281/linux/compiler/lib/intel64_lin" "-L/usr/lib/gcc/x86_64-redhat-linux/4.8.5/" "-L/usr/lib/gcc/x86_64-redhat-linux/4.8.5/../../../../lib64" "-L/usr/lib/gcc/x86_64-redhat-linux/4.8.5/../../../../lib64/" "-L/lib/../lib64" "-L/lib/../lib64/" "-L/usr/lib/../lib64" "-L/usr/lib/../lib64/" "-L/opt/intel/clck/2019.5/lib/intel64/" "-L/opt/intel/compilers_and_libraries_2019.5.281/linux/mpi/intel64/libfabric/lib/" "-L/opt/intel/compilers_and_libraries_2019.5.281/linux/ipp/lib/intel64/" "-L/opt/intel/compilers_and_libraries_2019.5.281/linux/compiler/lib/intel64_lin/" "-L/opt/intel/compilers_and_libraries_2019.5.281/linux/mkl/lib/intel64_lin/" "-L/opt/intel/compilers_and_libraries_2019.5.281/linux/tbb/lib/intel64/gcc4.7/" "-L/opt/intel/compilers_and_libraries_2019.5.281/linux/daal/lib/intel64_lin/" "-L/usr/lib/gcc/x86_64-redhat-linux/4.8.5/../../../" "-L/lib64" "-L/lib/" "-L/usr/lib64" "-L/usr/lib" "-L/usr/lib/i386-linux-gnu" "CMakeFiles/cmTC_976a2.dir/CMakeFortranCompilerABI.F.o" "-Bdynamic" "-Bstatic" "-lifport" "-lifcoremt" "-limf" "-lsvml" "-Bdynamic" "-lm" "-Bstatic" "-lipgo" "-lirc" "-Bdynamic" "-lpthread" "-Bstatic" "-lsvml" "-Bdynamic" "-lc" "-lgcc" "-lgcc_s" "-Bstatic" "-lirc_s" "-Bdynamic" "-ldl" "-lc" "/usr/lib/gcc/x86_64-redhat-linux/4.8.5/crtend.o" "/usr/lib/gcc/x86_64-redhat-linux/4.8.5/../../../../lib64/crtn.o"" -mIPOPT_il_in_obj -mIPOPT_ipo_activate_warn=FALSE -mIPOPT_obj_output_file_name=/tmp/ipo_ifortF4fiuH.o -mIPOPT_whole_archive_fixup_file_name=/tmp/ifortwarchLIW23W -mGLOB_linker_version=2.27 -mGLOB_linker=ld -mGLOB_driver_tempfile_name=/tmp/iforttempfile1ppoPz -mP3OPT_asm_target=P3OPT_ASM_TARGET_GAS -mGLOB_async_unwind_tables=TRUE -mGLOB_obj_output_file=/tmp/ipo_ifortF4fiuH.o -mGLOB_source_dialect=GLOB_SOURCE_DIALECT_NONE -mP1OPT_source_file_name=ipo_out.f -mP2OPT_symtab_type_copy=true CMakeFiles/cmTC_976a2.dir/CMakeFortranCompilerABI.F.o -mIPOPT_object_files=T -mIPOPT_assembly_files=/tmp/ifortalisblL8ZW -mIPOPT_generated_tempfiles=/tmp/ifortelistun4Kz -mIPOPT_embedded_object_base_name=/tmp/iforteobjAg6Zvc -mIPOPT_cmdline_link_new_name=/tmp/ifortllisud5VgP
ld    /usr/lib/gcc/x86_64-redhat-linux/4.8.5/../../../../lib64/crt1.o /usr/lib/gcc/x86_64-redhat-linux/4.8.5/../../../../lib64/crti.o /usr/lib/gcc/x86_64-redhat-linux/4.8.5/crtbegin.o --eh-frame-hdr --build-id -dynamic-linker /lib64/ld-linux-x86-64.so.2 -m elf_x86_64 -o cmTC_976a2 /opt/intel/compilers_and_libraries_2019.5.281/linux/compiler/lib/intel64_lin/for_main.o -L/opt/intel/clck/2019.5/lib/intel64 -L/opt/intel/compilers_and_libraries_2019.5.281/linux/mpi/intel64/libfabric/lib -L/opt/intel/compilers_and_libraries_2019.5.281/linux/ipp/lib/intel64 -L/opt/intel/compilers_and_libraries_2019.5.281/linux/compiler/lib/intel64_lin -L/opt/intel/compilers_and_libraries_2019.5.281/linux/mkl/lib/intel64_lin -L/opt/intel/compilers_and_libraries_2019.5.281/linux/tbb/lib/intel64/gcc4.7 -L/opt/intel/compilers_and_libraries_2019.5.281/linux/daal/lib/intel64_lin -L/opt/intel/compilers_and_libraries_2019.5.281/linux/compiler/lib/intel64_lin -L/usr/lib/gcc/x86_64-redhat-linux/4.8.5/ -L/usr/lib/gcc/x86_64-redhat-linux/4.8.5/../../../../lib64 -L/usr/lib/gcc/x86_64-redhat-linux/4.8.5/../../../../lib64/ -L/lib/../lib64 -L/lib/../lib64/ -L/usr/lib/../lib64 -L/usr/lib/../lib64/ -L/opt/intel/clck/2019.5/lib/intel64/ -L/opt/intel/compilers_and_libraries_2019.5.281/linux/mpi/intel64/libfabric/lib/ -L/opt/intel/compilers_and_libraries_2019.5.281/linux/ipp/lib/intel64/ -L/opt/intel/compilers_and_libraries_2019.5.281/linux/compiler/lib/intel64_lin/ -L/opt/intel/compilers_and_libraries_2019.5.281/linux/mkl/lib/intel64_lin/ -L/opt/intel/compilers_and_libraries_2019.5.281/linux/tbb/lib/intel64/gcc4.7/ -L/opt/intel/compilers_and_libraries_2019.5.281/linux/daal/lib/intel64_lin/ -L/usr/lib/gcc/x86_64-redhat-linux/4.8.5/../../../ -L/lib64 -L/lib/ -L/usr/lib64 -L/usr/lib -L/usr/lib/i386-linux-gnu CMakeFiles/cmTC_976a2.dir/CMakeFortranCompilerABI.F.o -Bdynamic -Bstatic -lifport -lifcoremt -limf -lsvml -Bdynamic -lm -Bstatic -lipgo -lirc -Bdynamic -lpthread -Bstatic -lsvml -Bdynamic -lc -lgcc -lgcc_s -Bstatic -lirc_s -Bdynamic -ldl -lc /usr/lib/gcc/x86_64-redhat-linux/4.8.5/crtend.o /usr/lib/gcc/x86_64-redhat-linux/4.8.5/../../../../lib64/crtn.o
gmake[1]: Leaving directory `/pylon5/oc5phkp/ewhite12/code/ICM_Morph/build/CMakeFiles/CMakeTmp'



Parsed Fortran implicit include dir info from above output: rv=done
  found start of include info
  found start of implicit include info
    add: [.]
    add: [/opt/intel/compilers_and_libraries_2019.5.281/linux/ipp/include]
    add: [/opt/intel/compilers_and_libraries_2019.5.281/linux/mkl/include]
    add: [/opt/intel/compilers_and_libraries_2019.5.281/linux/pstl/include]
    add: [/opt/intel/compilers_and_libraries_2019.5.281/linux/tbb/include]
    add: [/opt/intel/compilers_and_libraries_2019.5.281/linux/daal/include]
    add: [/opt/intel/compilers_and_libraries_2019.5.281/linux/compiler/include/intel64]
    add: [/opt/intel/compilers_and_libraries_2019.5.281/linux/compiler/include/icc]
    add: [/opt/intel/compilers_and_libraries_2019.5.281/linux/compiler/include]
    add: [/usr/local/include]
    add: [/usr/lib/gcc/x86_64-redhat-linux/4.8.5/include]
    add: [/usr/include/]
    add: [/usr/include]
  end of search list found
  skipping relative include dir [.]
  collapse include dir [/opt/intel/compilers_and_libraries_2019.5.281/linux/ipp/include] ==> [/opt/intel/compilers_and_libraries_2019.5.281/linux/ipp/include]
  collapse include dir [/opt/intel/compilers_and_libraries_2019.5.281/linux/mkl/include] ==> [/opt/intel/compilers_and_libraries_2019.5.281/linux/mkl/include]
  collapse include dir [/opt/intel/compilers_and_libraries_2019.5.281/linux/pstl/include] ==> [/opt/intel/compilers_and_libraries_2019.5.281/linux/pstl/include]
  collapse include dir [/opt/intel/compilers_and_libraries_2019.5.281/linux/tbb/include] ==> [/opt/intel/compilers_and_libraries_2019.5.281/linux/tbb/include]
  collapse include dir [/opt/intel/compilers_and_libraries_2019.5.281/linux/daal/include] ==> [/opt/intel/compilers_and_libraries_2019.5.281/linux/daal/include]
  collapse include dir [/opt/intel/compilers_and_libraries_2019.5.281/linux/compiler/include/intel64] ==> [/opt/intel/compilers_and_libraries_2019.5.281/linux/compiler/include/intel64]
  collapse include dir [/opt/intel/compilers_and_libraries_2019.5.281/linux/compiler/include/icc] ==> [/opt/intel/compilers_and_libraries_2019.5.281/linux/compiler/include/icc]
  collapse include dir [/opt/intel/compilers_and_libraries_2019.5.281/linux/compiler/include] ==> [/opt/intel/compilers_and_libraries_2019.5.281/linux/compiler/include]
  collapse include dir [/usr/local/include] ==> [/usr/local/include]
  collapse include dir [/usr/lib/gcc/x86_64-redhat-linux/4.8.5/include] ==> [/usr/lib/gcc/x86_64-redhat-linux/4.8.5/include]
  collapse include dir [/usr/include/] ==> [/usr/include]
  collapse include dir [/usr/include] ==> [/usr/include]
  implicit include dirs: [/opt/intel/compilers_and_libraries_2019.5.281/linux/ipp/include;/opt/intel/compilers_and_libraries_2019.5.281/linux/mkl/include;/opt/intel/compilers_and_libraries_2019.5.281/linux/pstl/include;/opt/intel/compilers_and_libraries_2019.5.281/linux/tbb/include;/opt/intel/compilers_and_libraries_2019.5.281/linux/daal/include;/opt/intel/compilers_and_libraries_2019.5.281/linux/compiler/include/intel64;/opt/intel/compilers_and_libraries_2019.5.281/linux/compiler/include/icc;/opt/intel/compilers_and_libraries_2019.5.281/linux/compiler/include;/usr/local/include;/usr/lib/gcc/x86_64-redhat-linux/4.8.5/include;/usr/include]


Parsed Fortran implicit link information from above output:
  link line regex: [^( *|.*[/\])(ld|CMAKE_LINK_STARTFILE-NOTFOUND|([^/\]+-)?ld|collect2)[^/\]*( |$)]
  ignore line: [Change Dir: /pylon5/oc5phkp/ewhite12/code/ICM_Morph/build/CMakeFiles/CMakeTmp]
  ignore line: []
  ignore line: [Run Build Command(s):/usr/bin/gmake cmTC_976a2/fast && /usr/bin/gmake -f CMakeFiles/cmTC_976a2.dir/build.make CMakeFiles/cmTC_976a2.dir/build]
  ignore line: [gmake[1]: Entering directory `/pylon5/oc5phkp/ewhite12/code/ICM_Morph/build/CMakeFiles/CMakeTmp']
  ignore line: [Building Fortran object CMakeFiles/cmTC_976a2.dir/CMakeFortranCompilerABI.F.o]
  ignore line: [/opt/intel/compilers_and_libraries_2019.5.281/linux/bin/intel64/ifort   -v -c /opt/packages/cmake/3.17.0/share/cmake-3.17/Modules/CMakeFortranCompilerABI.F -o CMakeFiles/cmTC_976a2.dir/CMakeFortranCompilerABI.F.o]
  ignore line: [ifort version 19.0.5.281]
  ignore line: [/opt/intel/compilers_and_libraries_2019.5.281/linux/bin/intel64/fpp    -D__INTEL_COMPILER=1900 -D__INTEL_COMPILER_UPDATE=5 -D__unix__ -D__unix -D__linux__ -D__linux -D__gnu_linux__ -Dunix -Dlinux -D__ELF__ -D__x86_64 -D__x86_64__ -D__amd64 -D__amd64__ -D__INTEL_COMPILER_BUILD_DATE=20190815 -D__INTEL_OFFLOAD -D__i686 -D__i686__ -D__pentiumpro -D__pentiumpro__ -D__tune_i686__ -D__tune_pentiumpro__ -D__pentium4 -D__pentium4__ -D__tune_pentium4__ -D__SSE2__ -D__SSE2_MATH__ -D__SSE__ -D__SSE_MATH__ -D__MMX__ -I. -I/opt/intel/compilers_and_libraries_2019.5.281/linux/ipp/include -I/opt/intel/compilers_and_libraries_2019.5.281/linux/mkl/include -I/opt/intel/compilers_and_libraries_2019.5.281/linux/pstl/include -I/opt/intel/compilers_and_libraries_2019.5.281/linux/tbb/include -I/opt/intel/compilers_and_libraries_2019.5.281/linux/daal/include -I/opt/intel/compilers_and_libraries_2019.5.281/linux/compiler/include/intel64 -I/opt/intel/compilers_and_libraries_2019.5.281/linux/compiler/include/icc -I/opt/intel/compilers_and_libraries_2019.5.281/linux/compiler/include -I/usr/local/include -I/usr/lib/gcc/x86_64-redhat-linux/4.8.5/include -I/usr/include/ -I/usr/include -fixed -4Ycpp -4Ncvf -f_com=yes -MX /opt/packages/cmake/3.17.0/share/cmake-3.17/Modules/CMakeFortranCompilerABI.F /tmp/iforthVnGgL.i]
  ignore line: [#include "..." search starts here:]
  ignore line: [#include <...> search starts here:]
  ignore line: [ .]
  ignore line: [ /opt/intel/compilers_and_libraries_2019.5.281/linux/ipp/include]
  ignore line: [ /opt/intel/compilers_and_libraries_2019.5.281/linux/mkl/include]
  ignore line: [ /opt/intel/compilers_and_libraries_2019.5.281/linux/pstl/include]
  ignore line: [ /opt/intel/compilers_and_libraries_2019.5.281/linux/tbb/include]
  ignore line: [ /opt/intel/compilers_and_libraries_2019.5.281/linux/daal/include]
  ignore line: [ /opt/intel/compilers_and_libraries_2019.5.281/linux/compiler/include/intel64]
  ignore line: [ /opt/intel/compilers_and_libraries_2019.5.281/linux/compiler/include/icc]
  ignore line: [ /opt/intel/compilers_and_libraries_2019.5.281/linux/compiler/include]
  ignore line: [ /usr/local/include]
  ignore line: [ /usr/lib/gcc/x86_64-redhat-linux/4.8.5/include]
  ignore line: [ /usr/include/]
  ignore line: [ /usr/include]
  ignore line: [End of search list.]
  ignore line: [/opt/intel/compilers_and_libraries_2019.5.281/linux/bin/intel64/fortcom    -D__INTEL_COMPILER=1900 -D__INTEL_COMPILER_UPDATE=5 -D__unix__ -D__unix -D__linux__ -D__linux -D__gnu_linux__ -Dunix -Dlinux -D__ELF__ -D__x86_64 -D__x86_64__ -D__amd64 -D__amd64__ -D__INTEL_COMPILER_BUILD_DATE=20190815 -D__INTEL_OFFLOAD -D__i686 -D__i686__ -D__pentiumpro -D__pentiumpro__ -D__tune_i686__ -D__tune_pentiumpro__ -D__pentium4 -D__pentium4__ -D__tune_pentium4__ -D__SSE2__ -D__SSE2_MATH__ -D__SSE__ -D__SSE_MATH__ -D__MMX__ -mGLOB_pack_sort_init_list -I/opt/packages/cmake/3.17.0/share/cmake-3.17/Modules -I. -I/opt/intel/compilers_and_libraries_2019.5.281/linux/ipp/include -I/opt/intel/compilers_and_libraries_2019.5.281/linux/mkl/include -I/opt/intel/compilers_and_libraries_2019.5.281/linux/pstl/include -I/opt/intel/compilers_and_libraries_2019.5.281/linux/tbb/include -I/opt/intel/compilers_and_libraries_2019.5.281/linux/daal/include -I/opt/intel/compilers_and_libraries_2019.5.281/linux/compiler/include/intel64 -I/opt/intel/compilers_and_libraries_2019.5.281/linux/compiler/include/icc -I/opt/intel/compilers_and_libraries_2019.5.281/linux/compiler/include -I/usr/local/include -I/usr/lib/gcc/x86_64-redhat-linux/4.8.5/include -I/usr/include/ -I/usr/include -omp_simd -O2 "-reentrancy threaded" -simd -offload_host -mGLOB_em64t=TRUE -mP1OPT_version=19.0-intel64 -mGLOB_diag_file=CMakeFiles/cmTC_976a2.dir/CMakeFortranCompilerABI.F.diag -mGLOB_long_size_64 -mGLOB_routine_pointer_size_64 -mGLOB_source_language=GLOB_SOURCE_LANGUAGE_F90 -mP2OPT_static_promotion -mP1OPT_print_version=FALSE -mCG_use_gas_got_workaround=F -mP2OPT_align_option_used=TRUE -mGLOB_gcc_version=485 "-mGLOB_options_string=-v -c -o CMakeFiles/cmTC_976a2.dir/CMakeFortranCompilerABI.F.o" -mGLOB_cxx_limited_range=FALSE -mCG_extend_parms=FALSE -mGLOB_compiler_bin_directory=/opt/intel/compilers_and_libraries_2019.5.281/linux/bin/intel64 -mGLOB_as_output_backup_file_name=/tmp/ifortjy2gf0as_.s -mIPOPT_activate -mIPOPT_lite -mGLOB_uarch_tuning=0x0 -mGLOB_product_id_code=0x22006d91 -mCG_bnl_movbe=T -mGLOB_extended_instructions=0x8 -mP3OPT_use_mspp_call_convention -mP2OPT_subs_out_of_bound=FALSE -mP2OPT_disam_type_based_disam=2 -mGLOB_ansi_alias -mPGOPTI_value_profile_use=T -mGLOB_offload_mode=1 -mP2OPT_offload_unique_var_string=ifort0794727719aoreTT -mP2OPT_hlo_level=2 -mP2OPT_hlo -mP2OPT_hpo_rtt_control=0 -mIPOPT_args_in_regs=0 -mP2OPT_disam_assume_nonstd_intent_in=FALSE -mGLOB_imf_mapping_library=/opt/intel/compilers_and_libraries_2019.5.281/linux/bin/intel64/libiml_attr.so -mPGOPTI_gen_threadsafe_level=0 -mIPOPT_lto_object_enabled -mIPOPT_lto_object_value=1 -mIPOPT_obj_output_file_name=CMakeFiles/cmTC_976a2.dir/CMakeFortranCompilerABI.F.o -mIPOPT_whole_archive_fixup_file_name=/tmp/ifortwarchd7dBef -mGLOB_linker_version=2.27 -mGLOB_linker=ld -mGLOB_driver_tempfile_name=/tmp/iforttempfilej6jpJR -mP3OPT_asm_target=P3OPT_ASM_TARGET_GAS -mGLOB_async_unwind_tables=TRUE -mGLOB_obj_output_file=CMakeFiles/cmTC_976a2.dir/CMakeFortranCompilerABI.F.o -mGLOB_source_dialect=GLOB_SOURCE_DIALECT_FORTRAN -mP1OPT_source_file_name=/opt/packages/cmake/3.17.0/share/cmake-3.17/Modules/CMakeFortranCompilerABI.F -mP1OPT_full_source_file_name=/opt/packages/cmake/3.17.0/share/cmake-3.17/Modules/CMakeFortranCompilerABI.F -mP2OPT_symtab_type_copy=true /tmp/iforthVnGgL.i]
  ignore line: [#include "..." search starts here:]
  ignore line: [#include <...> search starts here:]
  ignore line: [ /opt/packages/cmake/3.17.0/share/cmake-3.17/Modules]
  ignore line: [ .]
  ignore line: [ /opt/intel/compilers_and_libraries_2019.5.281/linux/ipp/include]
  ignore line: [ /opt/intel/compilers_and_libraries_2019.5.281/linux/mkl/include]
  ignore line: [ /opt/intel/compilers_and_libraries_2019.5.281/linux/pstl/include]
  ignore line: [ /opt/intel/compilers_and_libraries_2019.5.281/linux/tbb/include]
  ignore line: [ /opt/intel/compilers_and_libraries_2019.5.281/linux/daal/include]
  ignore line: [ /opt/intel/compilers_and_libraries_2019.5.281/linux/compiler/include/intel64]
  ignore line: [ /opt/intel/compilers_and_libraries_2019.5.281/linux/compiler/include/icc]
  ignore line: [ /opt/intel/compilers_and_libraries_2019.5.281/linux/compiler/include]
  ignore line: [ /usr/local/include]
  ignore line: [ /usr/lib/gcc/x86_64-redhat-linux/4.8.5/include]
  ignore line: [ /usr/include/]
  ignore line: [ /usr/include]
  ignore line: [End of search list.]
  ignore line: [Linking Fortran executable cmTC_976a2]
  ignore line: [/opt/packages/cmake/3.17.0/bin/cmake -E cmake_link_script CMakeFiles/cmTC_976a2.dir/link.txt --verbose=1]
  ignore line: [/opt/intel/compilers_and_libraries_2019.5.281/linux/bin/intel64/ifort   -v   CMakeFiles/cmTC_976a2.dir/CMakeFortranCompilerABI.F.o  -o cmTC_976a2 ]
  ignore line: [ifort version 19.0.5.281]
  ignore line: [/opt/intel/compilers_and_libraries_2019.5.281/linux/bin/intel64/fortcom    -mGLOB_em64t=TRUE -mP1OPT_version=19.0-intel64 -mGLOB_diag_file=CMakeFiles/cmTC_976a2.dir/CMakeFortranCompilerABI.F.diag -mGLOB_long_size_64 -mGLOB_routine_pointer_size_64 -mGLOB_source_language=GLOB_SOURCE_LANGUAGE_F90 -mP2OPT_static_promotion -mP1OPT_print_version=FALSE -mCG_use_gas_got_workaround=F -mP2OPT_align_option_used=TRUE -mGLOB_gcc_version=485 "-mGLOB_options_string=-v -o cmTC_976a2" -mGLOB_cxx_limited_range=FALSE -mCG_extend_parms=FALSE -mGLOB_compiler_bin_directory=/opt/intel/compilers_and_libraries_2019.5.281/linux/bin/intel64 -mGLOB_as_output_backup_file_name=/tmp/iforthMSKxHas_.s -mGLOB_dashboard_use_source_name -mIPOPT_activate -mGLOB_product_id_code=0x22006d91 -mP3OPT_use_mspp_call_convention -mP2OPT_subs_out_of_bound=FALSE -mP2OPT_disam_type_based_disam=2 -mGLOB_ansi_alias -mPGOPTI_value_profile_use=T -mGLOB_opt_report_use_source_name -mGLOB_offload_mode=1 -mP2OPT_offload_unique_var_string=ifort0704735403PjiBO4 -mP2OPT_hlo -mP2OPT_hpo_rtt_control=0 -mIPOPT_args_in_regs=0 -mP2OPT_disam_assume_nonstd_intent_in=FALSE -mGLOB_imf_mapping_library=/opt/intel/compilers_and_libraries_2019.5.281/linux/bin/intel64/libiml_attr.so -mPGOPTI_gen_threadsafe_level=0 -mIPOPT_link -mIPOPT_ipo_activate -mIPOPT_mo_activate -mIPOPT_source_files_list=/tmp/ifortslis0LaS1r -mIPOPT_mo_global_data -mIPOPT_link_script_file=/tmp/ifortscriptZ2nOM4 "-mIPOPT_cmdline_link="/usr/lib/gcc/x86_64-redhat-linux/4.8.5/../../../../lib64/crt1.o" "/usr/lib/gcc/x86_64-redhat-linux/4.8.5/../../../../lib64/crti.o" "/usr/lib/gcc/x86_64-redhat-linux/4.8.5/crtbegin.o" "--eh-frame-hdr" "--build-id" "-dynamic-linker" "/lib64/ld-linux-x86-64.so.2" "-m" "elf_x86_64" "-o" "cmTC_976a2" "/opt/intel/compilers_and_libraries_2019.5.281/linux/compiler/lib/intel64_lin/for_main.o" "-L/opt/intel/clck/2019.5/lib/intel64" "-L/opt/intel/compilers_and_libraries_2019.5.281/linux/mpi/intel64/libfabric/lib" "-L/opt/intel/compilers_and_libraries_2019.5.281/linux/ipp/lib/intel64" "-L/opt/intel/compilers_and_libraries_2019.5.281/linux/compiler/lib/intel64_lin" "-L/opt/intel/compilers_and_libraries_2019.5.281/linux/mkl/lib/intel64_lin" "-L/opt/intel/compilers_and_libraries_2019.5.281/linux/tbb/lib/intel64/gcc4.7" "-L/opt/intel/compilers_and_libraries_2019.5.281/linux/daal/lib/intel64_lin" "-L/opt/intel/compilers_and_libraries_2019.5.281/linux/compiler/lib/intel64_lin" "-L/usr/lib/gcc/x86_64-redhat-linux/4.8.5/" "-L/usr/lib/gcc/x86_64-redhat-linux/4.8.5/../../../../lib64" "-L/usr/lib/gcc/x86_64-redhat-linux/4.8.5/../../../../lib64/" "-L/lib/../lib64" "-L/lib/../lib64/" "-L/usr/lib/../lib64" "-L/usr/lib/../lib64/" "-L/opt/intel/clck/2019.5/lib/intel64/" "-L/opt/intel/compilers_and_libraries_2019.5.281/linux/mpi/intel64/libfabric/lib/" "-L/opt/intel/compilers_and_libraries_2019.5.281/linux/ipp/lib/intel64/" "-L/opt/intel/compilers_and_libraries_2019.5.281/linux/compiler/lib/intel64_lin/" "-L/opt/intel/compilers_and_libraries_2019.5.281/linux/mkl/lib/intel64_lin/" "-L/opt/intel/compilers_and_libraries_2019.5.281/linux/tbb/lib/intel64/gcc4.7/" "-L/opt/intel/compilers_and_libraries_2019.5.281/linux/daal/lib/intel64_lin/" "-L/usr/lib/gcc/x86_64-redhat-linux/4.8.5/../../../" "-L/lib64" "-L/lib/" "-L/usr/lib64" "-L/usr/lib" "-L/usr/lib/i386-linux-gnu" "CMakeFiles/cmTC_976a2.dir/CMakeFortranCompilerABI.F.o" "-Bdynamic" "-Bstatic" "-lifport" "-lifcoremt" "-limf" "-lsvml" "-Bdynamic" "-lm" "-Bstatic" "-lipgo" "-lirc" "-Bdynamic" "-lpthread" "-Bstatic" "-lsvml" "-Bdynamic" "-lc" "-lgcc" "-lgcc_s" "-Bstatic" "-lirc_s" "-Bdynamic" "-ldl" "-lc" "/usr/lib/gcc/x86_64-redhat-linux/4.8.5/crtend.o" "/usr/lib/gcc/x86_64-redhat-linux/4.8.5/../../../../lib64/crtn.o"" -mIPOPT_il_in_obj -mIPOPT_ipo_activate_warn=FALSE -mIPOPT_obj_output_file_name=/tmp/ipo_ifortF4fiuH.o -mIPOPT_whole_archive_fixup_file_name=/tmp/ifortwarchLIW23W -mGLOB_linker_version=2.27 -mGLOB_linker=ld -mGLOB_driver_tempfile_name=/tmp/iforttempfile1ppoPz -mP3OPT_asm_target=P3OPT_ASM_TARGET_GAS -mGLOB_async_unwind_tables=TRUE -mGLOB_obj_output_file=/tmp/ipo_ifortF4fiuH.o -mGLOB_source_dialect=GLOB_SOURCE_DIALECT_NONE -mP1OPT_source_file_name=ipo_out.f -mP2OPT_symtab_type_copy=true CMakeFiles/cmTC_976a2.dir/CMakeFortranCompilerABI.F.o -mIPOPT_object_files=T -mIPOPT_assembly_files=/tmp/ifortalisblL8ZW -mIPOPT_generated_tempfiles=/tmp/ifortelistun4Kz -mIPOPT_embedded_object_base_name=/tmp/iforteobjAg6Zvc -mIPOPT_cmdline_link_new_name=/tmp/ifortllisud5VgP]
  link line: [ld    /usr/lib/gcc/x86_64-redhat-linux/4.8.5/../../../../lib64/crt1.o /usr/lib/gcc/x86_64-redhat-linux/4.8.5/../../../../lib64/crti.o /usr/lib/gcc/x86_64-redhat-linux/4.8.5/crtbegin.o --eh-frame-hdr --build-id -dynamic-linker /lib64/ld-linux-x86-64.so.2 -m elf_x86_64 -o cmTC_976a2 /opt/intel/compilers_and_libraries_2019.5.281/linux/compiler/lib/intel64_lin/for_main.o -L/opt/intel/clck/2019.5/lib/intel64 -L/opt/intel/compilers_and_libraries_2019.5.281/linux/mpi/intel64/libfabric/lib -L/opt/intel/compilers_and_libraries_2019.5.281/linux/ipp/lib/intel64 -L/opt/intel/compilers_and_libraries_2019.5.281/linux/compiler/lib/intel64_lin -L/opt/intel/compilers_and_libraries_2019.5.281/linux/mkl/lib/intel64_lin -L/opt/intel/compilers_and_libraries_2019.5.281/linux/tbb/lib/intel64/gcc4.7 -L/opt/intel/compilers_and_libraries_2019.5.281/linux/daal/lib/intel64_lin -L/opt/intel/compilers_and_libraries_2019.5.281/linux/compiler/lib/intel64_lin -L/usr/lib/gcc/x86_64-redhat-linux/4.8.5/ -L/usr/lib/gcc/x86_64-redhat-linux/4.8.5/../../../../lib64 -L/usr/lib/gcc/x86_64-redhat-linux/4.8.5/../../../../lib64/ -L/lib/../lib64 -L/lib/../lib64/ -L/usr/lib/../lib64 -L/usr/lib/../lib64/ -L/opt/intel/clck/2019.5/lib/intel64/ -L/opt/intel/compilers_and_libraries_2019.5.281/linux/mpi/intel64/libfabric/lib/ -L/opt/intel/compilers_and_libraries_2019.5.281/linux/ipp/lib/intel64/ -L/opt/intel/compilers_and_libraries_2019.5.281/linux/compiler/lib/intel64_lin/ -L/opt/intel/compilers_and_libraries_2019.5.281/linux/mkl/lib/intel64_lin/ -L/opt/intel/compilers_and_libraries_2019.5.281/linux/tbb/lib/intel64/gcc4.7/ -L/opt/intel/compilers_and_libraries_2019.5.281/linux/daal/lib/intel64_lin/ -L/usr/lib/gcc/x86_64-redhat-linux/4.8.5/../../../ -L/lib64 -L/lib/ -L/usr/lib64 -L/usr/lib -L/usr/lib/i386-linux-gnu CMakeFiles/cmTC_976a2.dir/CMakeFortranCompilerABI.F.o -Bdynamic -Bstatic -lifport -lifcoremt -limf -lsvml -Bdynamic -lm -Bstatic -lipgo -lirc -Bdynamic -lpthread -Bstatic -lsvml -Bdynamic -lc -lgcc -lgcc_s -Bstatic -lirc_s -Bdynamic -ldl -lc /usr/lib/gcc/x86_64-redhat-linux/4.8.5/crtend.o /usr/lib/gcc/x86_64-redhat-linux/4.8.5/../../../../lib64/crtn.o]
    arg [ld] ==> ignore
    arg [/usr/lib/gcc/x86_64-redhat-linux/4.8.5/../../../../lib64/crt1.o] ==> ignore
    arg [/usr/lib/gcc/x86_64-redhat-linux/4.8.5/../../../../lib64/crti.o] ==> ignore
    arg [/usr/lib/gcc/x86_64-redhat-linux/4.8.5/crtbegin.o] ==> ignore
    arg [--eh-frame-hdr] ==> ignore
    arg [--build-id] ==> ignore
    arg [-dynamic-linker] ==> ignore
    arg [/lib64/ld-linux-x86-64.so.2] ==> ignore
    arg [-m] ==> ignore
    arg [elf_x86_64] ==> ignore
    arg [-o] ==> ignore
    arg [cmTC_976a2] ==> ignore
    arg [/opt/intel/compilers_and_libraries_2019.5.281/linux/compiler/lib/intel64_lin/for_main.o] ==> ignore
    arg [-L/opt/intel/clck/2019.5/lib/intel64] ==> dir [/opt/intel/clck/2019.5/lib/intel64]
    arg [-L/opt/intel/compilers_and_libraries_2019.5.281/linux/mpi/intel64/libfabric/lib] ==> dir [/opt/intel/compilers_and_libraries_2019.5.281/linux/mpi/intel64/libfabric/lib]
    arg [-L/opt/intel/compilers_and_libraries_2019.5.281/linux/ipp/lib/intel64] ==> dir [/opt/intel/compilers_and_libraries_2019.5.281/linux/ipp/lib/intel64]
    arg [-L/opt/intel/compilers_and_libraries_2019.5.281/linux/compiler/lib/intel64_lin] ==> dir [/opt/intel/compilers_and_libraries_2019.5.281/linux/compiler/lib/intel64_lin]
    arg [-L/opt/intel/compilers_and_libraries_2019.5.281/linux/mkl/lib/intel64_lin] ==> dir [/opt/intel/compilers_and_libraries_2019.5.281/linux/mkl/lib/intel64_lin]
    arg [-L/opt/intel/compilers_and_libraries_2019.5.281/linux/tbb/lib/intel64/gcc4.7] ==> dir [/opt/intel/compilers_and_libraries_2019.5.281/linux/tbb/lib/intel64/gcc4.7]
    arg [-L/opt/intel/compilers_and_libraries_2019.5.281/linux/daal/lib/intel64_lin] ==> dir [/opt/intel/compilers_and_libraries_2019.5.281/linux/daal/lib/intel64_lin]
    arg [-L/opt/intel/compilers_and_libraries_2019.5.281/linux/compiler/lib/intel64_lin] ==> dir [/opt/intel/compilers_and_libraries_2019.5.281/linux/compiler/lib/intel64_lin]
    arg [-L/usr/lib/gcc/x86_64-redhat-linux/4.8.5/] ==> dir [/usr/lib/gcc/x86_64-redhat-linux/4.8.5/]
    arg [-L/usr/lib/gcc/x86_64-redhat-linux/4.8.5/../../../../lib64] ==> dir [/usr/lib/gcc/x86_64-redhat-linux/4.8.5/../../../../lib64]
    arg [-L/usr/lib/gcc/x86_64-redhat-linux/4.8.5/../../../../lib64/] ==> dir [/usr/lib/gcc/x86_64-redhat-linux/4.8.5/../../../../lib64/]
    arg [-L/lib/../lib64] ==> dir [/lib/../lib64]
    arg [-L/lib/../lib64/] ==> dir [/lib/../lib64/]
    arg [-L/usr/lib/../lib64] ==> dir [/usr/lib/../lib64]
    arg [-L/usr/lib/../lib64/] ==> dir [/usr/lib/../lib64/]
    arg [-L/opt/intel/clck/2019.5/lib/intel64/] ==> dir [/opt/intel/clck/2019.5/lib/intel64/]
    arg [-L/opt/intel/compilers_and_libraries_2019.5.281/linux/mpi/intel64/libfabric/lib/] ==> dir [/opt/intel/compilers_and_libraries_2019.5.281/linux/mpi/intel64/libfabric/lib/]
    arg [-L/opt/intel/compilers_and_libraries_2019.5.281/linux/ipp/lib/intel64/] ==> dir [/opt/intel/compilers_and_libraries_2019.5.281/linux/ipp/lib/intel64/]
    arg [-L/opt/intel/compilers_and_libraries_2019.5.281/linux/compiler/lib/intel64_lin/] ==> dir [/opt/intel/compilers_and_libraries_2019.5.281/linux/compiler/lib/intel64_lin/]
    arg [-L/opt/intel/compilers_and_libraries_2019.5.281/linux/mkl/lib/intel64_lin/] ==> dir [/opt/intel/compilers_and_libraries_2019.5.281/linux/mkl/lib/intel64_lin/]
    arg [-L/opt/intel/compilers_and_libraries_2019.5.281/linux/tbb/lib/intel64/gcc4.7/] ==> dir [/opt/intel/compilers_and_libraries_2019.5.281/linux/tbb/lib/intel64/gcc4.7/]
    arg [-L/opt/intel/compilers_and_libraries_2019.5.281/linux/daal/lib/intel64_lin/] ==> dir [/opt/intel/compilers_and_libraries_2019.5.281/linux/daal/lib/intel64_lin/]
    arg [-L/usr/lib/gcc/x86_64-redhat-linux/4.8.5/../../../] ==> dir [/usr/lib/gcc/x86_64-redhat-linux/4.8.5/../../../]
    arg [-L/lib64] ==> dir [/lib64]
    arg [-L/lib/] ==> dir [/lib/]
    arg [-L/usr/lib64] ==> dir [/usr/lib64]
    arg [-L/usr/lib] ==> dir [/usr/lib]
    arg [-L/usr/lib/i386-linux-gnu] ==> dir [/usr/lib/i386-linux-gnu]
    arg [CMakeFiles/cmTC_976a2.dir/CMakeFortranCompilerABI.F.o] ==> ignore
    arg [-Bdynamic] ==> ignore
    arg [-Bstatic] ==> ignore
    arg [-lifport] ==> lib [ifport]
    arg [-lifcoremt] ==> lib [ifcoremt]
    arg [-limf] ==> lib [imf]
    arg [-lsvml] ==> lib [svml]
    arg [-Bdynamic] ==> ignore
    arg [-lm] ==> lib [m]
    arg [-Bstatic] ==> ignore
    arg [-lipgo] ==> lib [ipgo]
    arg [-lirc] ==> lib [irc]
    arg [-Bdynamic] ==> ignore
    arg [-lpthread] ==> lib [pthread]
    arg [-Bstatic] ==> ignore
    arg [-lsvml] ==> lib [svml]
    arg [-Bdynamic] ==> ignore
    arg [-lc] ==> lib [c]
    arg [-lgcc] ==> lib [gcc]
    arg [-lgcc_s] ==> lib [gcc_s]
    arg [-Bstatic] ==> ignore
    arg [-lirc_s] ==> lib [irc_s]
    arg [-Bdynamic] ==> ignore
    arg [-ldl] ==> lib [dl]
    arg [-lc] ==> lib [c]
    arg [/usr/lib/gcc/x86_64-redhat-linux/4.8.5/crtend.o] ==> ignore
    arg [/usr/lib/gcc/x86_64-redhat-linux/4.8.5/../../../../lib64/crtn.o] ==> ignore
  collapse library dir [/opt/intel/clck/2019.5/lib/intel64] ==> [/opt/intel/clck/2019.5/lib/intel64]
  collapse library dir [/opt/intel/compilers_and_libraries_2019.5.281/linux/mpi/intel64/libfabric/lib] ==> [/opt/intel/compilers_and_libraries_2019.5.281/linux/mpi/intel64/libfabric/lib]
  collapse library dir [/opt/intel/compilers_and_libraries_2019.5.281/linux/ipp/lib/intel64] ==> [/opt/intel/compilers_and_libraries_2019.5.281/linux/ipp/lib/intel64]
  collapse library dir [/opt/intel/compilers_and_libraries_2019.5.281/linux/compiler/lib/intel64_lin] ==> [/opt/intel/compilers_and_libraries_2019.5.281/linux/compiler/lib/intel64_lin]
  collapse library dir [/opt/intel/compilers_and_libraries_2019.5.281/linux/mkl/lib/intel64_lin] ==> [/opt/intel/compilers_and_libraries_2019.5.281/linux/mkl/lib/intel64_lin]
  collapse library dir [/opt/intel/compilers_and_libraries_2019.5.281/linux/tbb/lib/intel64/gcc4.7] ==> [/opt/intel/compilers_and_libraries_2019.5.281/linux/tbb/lib/intel64/gcc4.7]
  collapse library dir [/opt/intel/compilers_and_libraries_2019.5.281/linux/daal/lib/intel64_lin] ==> [/opt/intel/compilers_and_libraries_2019.5.281/linux/daal/lib/intel64_lin]
  collapse library dir [/opt/intel/compilers_and_libraries_2019.5.281/linux/compiler/lib/intel64_lin] ==> [/opt/intel/compilers_and_libraries_2019.5.281/linux/compiler/lib/intel64_lin]
  collapse library dir [/usr/lib/gcc/x86_64-redhat-linux/4.8.5/] ==> [/usr/lib/gcc/x86_64-redhat-linux/4.8.5]
  collapse library dir [/usr/lib/gcc/x86_64-redhat-linux/4.8.5/../../../../lib64] ==> [/usr/lib64]
  collapse library dir [/usr/lib/gcc/x86_64-redhat-linux/4.8.5/../../../../lib64/] ==> [/usr/lib64]
  collapse library dir [/lib/../lib64] ==> [/lib64]
  collapse library dir [/lib/../lib64/] ==> [/lib64]
  collapse library dir [/usr/lib/../lib64] ==> [/usr/lib64]
  collapse library dir [/usr/lib/../lib64/] ==> [/usr/lib64]
  collapse library dir [/opt/intel/clck/2019.5/lib/intel64/] ==> [/opt/intel/clck/2019.5/lib/intel64]
  collapse library dir [/opt/intel/compilers_and_libraries_2019.5.281/linux/mpi/intel64/libfabric/lib/] ==> [/opt/intel/compilers_and_libraries_2019.5.281/linux/mpi/intel64/libfabric/lib]
  collapse library dir [/opt/intel/compilers_and_libraries_2019.5.281/linux/ipp/lib/intel64/] ==> [/opt/intel/compilers_and_libraries_2019.5.281/linux/ipp/lib/intel64]
  collapse library dir [/opt/intel/compilers_and_libraries_2019.5.281/linux/compiler/lib/intel64_lin/] ==> [/opt/intel/compilers_and_libraries_2019.5.281/linux/compiler/lib/intel64_lin]
  collapse library dir [/opt/intel/compilers_and_libraries_2019.5.281/linux/mkl/lib/intel64_lin/] ==> [/opt/intel/compilers_and_libraries_2019.5.281/linux/mkl/lib/intel64_lin]
  collapse library dir [/opt/intel/compilers_and_libraries_2019.5.281/linux/tbb/lib/intel64/gcc4.7/] ==> [/opt/intel/compilers_and_libraries_2019.5.281/linux/tbb/lib/intel64/gcc4.7]
  collapse library dir [/opt/intel/compilers_and_libraries_2019.5.281/linux/daal/lib/intel64_lin/] ==> [/opt/intel/compilers_and_libraries_2019.5.281/linux/daal/lib/intel64_lin]
  collapse library dir [/usr/lib/gcc/x86_64-redhat-linux/4.8.5/../../../] ==> [/usr/lib]
  collapse library dir [/lib64] ==> [/lib64]
  collapse library dir [/lib/] ==> [/lib]
  collapse library dir [/usr/lib64] ==> [/usr/lib64]
  collapse library dir [/usr/lib] ==> [/usr/lib]
  collapse library dir [/usr/lib/i386-linux-gnu] ==> [/usr/lib/i386-linux-gnu]
  implicit libs: [ifport;ifcoremt;imf;svml;m;ipgo;irc;pthread;svml;c;gcc;gcc_s;irc_s;dl;c]
  implicit dirs: [/opt/intel/clck/2019.5/lib/intel64;/opt/intel/compilers_and_libraries_2019.5.281/linux/mpi/intel64/libfabric/lib;/opt/intel/compilers_and_libraries_2019.5.281/linux/ipp/lib/intel64;/opt/intel/compilers_and_libraries_2019.5.281/linux/compiler/lib/intel64_lin;/opt/intel/compilers_and_libraries_2019.5.281/linux/mkl/lib/intel64_lin;/opt/intel/compilers_and_libraries_2019.5.281/linux/tbb/lib/intel64/gcc4.7;/opt/intel/compilers_and_libraries_2019.5.281/linux/daal/lib/intel64_lin;/usr/lib/gcc/x86_64-redhat-linux/4.8.5;/usr/lib64;/lib64;/usr/lib;/lib;/usr/lib/i386-linux-gnu]
  implicit fwks: []


Determining if the Fortran compiler supports Fortran 90 passed with the following output:
Change Dir: /pylon5/oc5phkp/ewhite12/code/ICM_Morph/build/CMakeFiles/CMakeTmp

Run Build Command(s):/usr/bin/gmake cmTC_dcbf9/fast && /usr/bin/gmake -f CMakeFiles/cmTC_dcbf9.dir/build.make CMakeFiles/cmTC_dcbf9.dir/build
gmake[1]: Entering directory `/pylon5/oc5phkp/ewhite12/code/ICM_Morph/build/CMakeFiles/CMakeTmp'
Building Fortran object CMakeFiles/cmTC_dcbf9.dir/testFortranCompilerF90.f90.o
/opt/intel/compilers_and_libraries_2019.5.281/linux/bin/intel64/ifort    -c /pylon5/oc5phkp/ewhite12/code/ICM_Morph/build/CMakeFiles/CMakeTmp/testFortranCompilerF90.f90 -o CMakeFiles/cmTC_dcbf9.dir/testFortranCompilerF90.f90.o
Linking Fortran executable cmTC_dcbf9
/opt/packages/cmake/3.17.0/bin/cmake -E cmake_link_script CMakeFiles/cmTC_dcbf9.dir/link.txt --verbose=1
/opt/intel/compilers_and_libraries_2019.5.281/linux/bin/intel64/ifort      CMakeFiles/cmTC_dcbf9.dir/testFortranCompilerF90.f90.o  -o cmTC_dcbf9 
gmake[1]: Leaving directory `/pylon5/oc5phkp/ewhite12/code/ICM_Morph/build/CMakeFiles/CMakeTmp'



Compiling the C compiler identification source file "CMakeCCompilerId.c" succeeded.
Compiler: /opt/intel/compilers_and_libraries_2019.5.281/linux/bin/intel64/icc 
Build flags: 
Id flags:  

The output was:
0


Compilation of the C compiler identification source "CMakeCCompilerId.c" produced "a.out"

The C compiler identification is Intel, found in "/pylon5/oc5phkp/ewhite12/code/ICM_Morph/build/CMakeFiles/3.17.0/CompilerIdC/a.out"

Determining if the C compiler works passed with the following output:
Change Dir: /pylon5/oc5phkp/ewhite12/code/ICM_Morph/build/CMakeFiles/CMakeTmp

Run Build Command(s):/usr/bin/gmake cmTC_0669c/fast && /usr/bin/gmake -f CMakeFiles/cmTC_0669c.dir/build.make CMakeFiles/cmTC_0669c.dir/build
gmake[1]: Entering directory `/pylon5/oc5phkp/ewhite12/code/ICM_Morph/build/CMakeFiles/CMakeTmp'
Building C object CMakeFiles/cmTC_0669c.dir/testCCompiler.c.o
/opt/intel/compilers_and_libraries_2019.5.281/linux/bin/intel64/icc    -o CMakeFiles/cmTC_0669c.dir/testCCompiler.c.o   -c /pylon5/oc5phkp/ewhite12/code/ICM_Morph/build/CMakeFiles/CMakeTmp/testCCompiler.c
Linking C executable cmTC_0669c
/opt/packages/cmake/3.17.0/bin/cmake -E cmake_link_script CMakeFiles/cmTC_0669c.dir/link.txt --verbose=1
/opt/intel/compilers_and_libraries_2019.5.281/linux/bin/intel64/icc      -rdynamic CMakeFiles/cmTC_0669c.dir/testCCompiler.c.o  -o cmTC_0669c 
gmake[1]: Leaving directory `/pylon5/oc5phkp/ewhite12/code/ICM_Morph/build/CMakeFiles/CMakeTmp'



Detecting C compiler ABI info compiled with the following output:
Change Dir: /pylon5/oc5phkp/ewhite12/code/ICM_Morph/build/CMakeFiles/CMakeTmp

Run Build Command(s):/usr/bin/gmake cmTC_1929d/fast && /usr/bin/gmake -f CMakeFiles/cmTC_1929d.dir/build.make CMakeFiles/cmTC_1929d.dir/build
gmake[1]: Entering directory `/pylon5/oc5phkp/ewhite12/code/ICM_Morph/build/CMakeFiles/CMakeTmp'
Building C object CMakeFiles/cmTC_1929d.dir/CMakeCCompilerABI.c.o
/opt/intel/compilers_and_libraries_2019.5.281/linux/bin/intel64/icc   -v -o CMakeFiles/cmTC_1929d.dir/CMakeCCompilerABI.c.o   -c /opt/packages/cmake/3.17.0/share/cmake-3.17/Modules/CMakeCCompilerABI.c
icc version 19.0.5.281 (gcc version 4.8.5 compatibility)
/opt/intel/compilers_and_libraries_2019.5.281/linux/bin/intel64/mcpcom    --target_efi2 --lang=c -_g -mP3OPT_inline_alloca -D__ICC=1900 -D__INTEL_COMPILER=1900 -D__INTEL_COMPILER_UPDATE=5 -D__PTRDIFF_TYPE__=long "-D__SIZE_TYPE__=unsigned long" -D__WCHAR_TYPE__=int "-D__WINT_TYPE__=unsigned int" "-D__INTMAX_TYPE__=long int" "-D__UINTMAX_TYPE__=long unsigned int" -D__LONG_MAX__=9223372036854775807L -D__QMSPP_ -D__OPTIMIZE__ -D__NO_MATH_INLINES -D__NO_STRING_INLINES -D__GNUC_GNU_INLINE__ -D__GNUC__=4 -D__GNUC_MINOR__=8 -D__GNUC_PATCHLEVEL__=5 -D__LP64__ -D_LP64 -D__GXX_ABI_VERSION=1002 "-D__USER_LABEL_PREFIX__= " -D__REGISTER_PREFIX__= -D__INTEL_RTTI__ -D__unix__ -D__unix -D__linux__ -D__linux -D__gnu_linux__ -B -Dunix -Dlinux "-_Asystem(unix)" -D__ELF__ -D__x86_64 -D__x86_64__ -D__amd64 -D__amd64__ "-_Acpu(x86_64)" "-_Amachine(x86_64)" -D__INTEL_COMPILER_BUILD_DATE=20190815 -D__INTEL_OFFLOAD -D__i686 -D__i686__ -D__pentiumpro -D__pentiumpro__ -D__tune_i686__ -D__tune_pentiumpro__ -D__pentium4 -D__pentium4__ -D__tune_pentium4__ -D__SSE2__ -D__SSE2_MATH__ -D__SSE__ -D__SSE_MATH__ -D__MMX__ -_k -_8 -_l --has_new_stdarg_support -_a -_b --gnu_version=40805 -_W5 --gcc-extern-inline --openmp_simd --multibyte_chars -mGLOB_diag_suppress_sys --system_preinclude /usr/include/stdc-predef.h -I/opt/intel/compilers_and_libraries_2019.5.281/linux/pstl/include -I/opt/intel/compilers_and_libraries_2019.5.281/linux/ipp/include -I/opt/intel/compilers_and_libraries_2019.5.281/linux/mkl/include -I/opt/intel/compilers_and_libraries_2019.5.281/linux/pstl/include -I/opt/intel/compilers_and_libraries_2019.5.281/linux/tbb/include -I/opt/intel/compilers_and_libraries_2019.5.281/linux/daal/include --array_section --simd --simd_func --offload_mode=1 --offload_target_names=mic,MIC --offload_unique_string=icc1368364757lWU8Il -mGLOB_em64t=TRUE -mP1OPT_version=19.0-intel64 -mGLOB_diag_file=CMakeFiles/cmTC_1929d.dir/CMakeCCompilerABI.c.diag -mGLOB_long_size_64 -mGLOB_routine_pointer_size_64 -mP1OPT_print_version=FALSE -mCG_use_gas_got_workaround=F -mP2OPT_align_option_used=TRUE -mGLOB_gcc_version=485 "-mGLOB_options_string=-v -o CMakeFiles/cmTC_1929d.dir/CMakeCCompilerABI.c.o -c" -mGLOB_cxx_limited_range=FALSE -mCG_extend_parms=FALSE -mGLOB_compiler_bin_directory=/opt/intel/compilers_and_libraries_2019.5.281/linux/bin/intel64 -mGLOB_as_output_backup_file_name=/tmp/iccsTWWrnas_.s -mIPOPT_activate -mIPOPT_lite -mGLOB_uarch_tuning=0x0 -mGLOB_product_id_code=0x22006d93 -mCG_bnl_movbe=T -mGLOB_extended_instructions=0x8 -mP3OPT_use_mspp_call_convention -mP2OPT_subs_out_of_bound=FALSE -mP2OPT_disam_type_based_disam=2 -mP2OPT_disam_assume_ansi_c -mP2OPT_checked_disam_ansi_alias=TRUE -mGLOB_ansi_alias -mPGOPTI_value_profile_use=T -mP2OPT_il0_array_sections=TRUE -mGLOB_offload_mode=1 -mP2OPT_offload_unique_var_string=icc1368364757lWU8Il -mP2OPT_hlo_level=2 -mP2OPT_hlo -mP2OPT_hpo_rtt_control=0 -mIPOPT_args_in_regs=0 -mP2OPT_disam_assume_nonstd_intent_in=FALSE -mGLOB_imf_mapping_library=/opt/intel/compilers_and_libraries_2019.5.281/linux/bin/intel64/libiml_attr.so -mPGOPTI_gen_threadsafe_level=0 -mIPOPT_lto_object_enabled -mIPOPT_lto_object_value=1 -mIPOPT_obj_output_file_name=CMakeFiles/cmTC_1929d.dir/CMakeCCompilerABI.c.o -mIPOPT_whole_archive_fixup_file_name=/tmp/iccwarchtOSEjJ -mGLOB_linker_version=2.27 -mGLOB_linker=ld -mGLOB_driver_tempfile_name=/tmp/icctempfilejegDfp -mP3OPT_asm_target=P3OPT_ASM_TARGET_GAS -mGLOB_async_unwind_tables=TRUE -mGLOB_obj_output_file=CMakeFiles/cmTC_1929d.dir/CMakeCCompilerABI.c.o -mGLOB_source_dialect=GLOB_SOURCE_DIALECT_C -mP1OPT_source_file_name=/opt/packages/cmake/3.17.0/share/cmake-3.17/Modules/CMakeCCompilerABI.c -mP1OPT_full_source_file_name=/opt/packages/cmake/3.17.0/share/cmake-3.17/Modules/CMakeCCompilerABI.c /opt/packages/cmake/3.17.0/share/cmake-3.17/Modules/CMakeCCompilerABI.c
#include "..." search starts here:
#include <...> search starts here:
 /opt/intel/compilers_and_libraries_2019.5.281/linux/pstl/include
 /opt/intel/compilers_and_libraries_2019.5.281/linux/ipp/include
 /opt/intel/compilers_and_libraries_2019.5.281/linux/mkl/include
 /opt/intel/compilers_and_libraries_2019.5.281/linux/pstl/include
 /opt/intel/compilers_and_libraries_2019.5.281/linux/tbb/include
 /opt/intel/compilers_and_libraries_2019.5.281/linux/daal/include
 /opt/intel/compilers_and_libraries_2019.5.281/linux/compiler/include/intel64
 /opt/intel/compilers_and_libraries_2019.5.281/linux/compiler/include/icc
 /opt/intel/compilers_and_libraries_2019.5.281/linux/compiler/include
 /usr/local/include
 /usr/lib/gcc/x86_64-redhat-linux/4.8.5/include
 /usr/include/
 /usr/include
End of search list.
Linking C executable cmTC_1929d
/opt/packages/cmake/3.17.0/bin/cmake -E cmake_link_script CMakeFiles/cmTC_1929d.dir/link.txt --verbose=1
/opt/intel/compilers_and_libraries_2019.5.281/linux/bin/intel64/icc     -v -rdynamic CMakeFiles/cmTC_1929d.dir/CMakeCCompilerABI.c.o  -o cmTC_1929d 
icc version 19.0.5.281 (gcc version 4.8.5 compatibility)
/opt/intel/compilers_and_libraries_2019.5.281/linux/bin/intel64/mcpcom    -mGLOB_em64t=TRUE -mP1OPT_version=19.0-intel64 -mGLOB_diag_file=CMakeFiles/cmTC_1929d.dir/CMakeCCompilerABI.c.diag -mGLOB_long_size_64 -mGLOB_routine_pointer_size_64 -mP1OPT_print_version=FALSE -mCG_use_gas_got_workaround=F -mP2OPT_align_option_used=TRUE -mGLOB_gcc_version=485 "-mGLOB_options_string=-v -rdynamic -o cmTC_1929d" -mGLOB_cxx_limited_range=FALSE -mCG_extend_parms=FALSE -mGLOB_compiler_bin_directory=/opt/intel/compilers_and_libraries_2019.5.281/linux/bin/intel64 -mGLOB_as_output_backup_file_name=/tmp/icc2WmA61as_.s -mGLOB_dashboard_use_source_name -mIPOPT_activate -mGLOB_product_id_code=0x22006d93 -mP3OPT_use_mspp_call_convention -mP2OPT_subs_out_of_bound=FALSE -mP2OPT_disam_type_based_disam=2 -mP2OPT_disam_assume_ansi_c -mP2OPT_checked_disam_ansi_alias=TRUE -mGLOB_ansi_alias -mPGOPTI_value_profile_use=T -mGLOB_opt_report_use_source_name -mP2OPT_il0_array_sections=TRUE -mGLOB_offload_mode=1 -mP2OPT_offload_unique_var_string=icc1765931985Y6Hx7s -mP2OPT_hlo -mP2OPT_hpo_rtt_control=0 -mIPOPT_args_in_regs=0 -mP2OPT_disam_assume_nonstd_intent_in=FALSE -mGLOB_imf_mapping_library=/opt/intel/compilers_and_libraries_2019.5.281/linux/bin/intel64/libiml_attr.so -mPGOPTI_gen_threadsafe_level=0 -mIPOPT_link -mIPOPT_ipo_activate -mIPOPT_mo_activate -mIPOPT_source_files_list=/tmp/iccslisZpZiJF -mIPOPT_mo_global_data -mIPOPT_link_script_file=/tmp/iccscripta6xWUl "-mIPOPT_cmdline_link="/usr/lib/gcc/x86_64-redhat-linux/4.8.5/../../../../lib64/crt1.o" "/usr/lib/gcc/x86_64-redhat-linux/4.8.5/../../../../lib64/crti.o" "/usr/lib/gcc/x86_64-redhat-linux/4.8.5/crtbegin.o" "-export-dynamic" "--eh-frame-hdr" "--build-id" "-dynamic-linker" "/lib64/ld-linux-x86-64.so.2" "-m" "elf_x86_64" "-o" "cmTC_1929d" "-L/opt/intel/clck/2019.5/lib/intel64" "-L/opt/intel/compilers_and_libraries_2019.5.281/linux/mpi/intel64/libfabric/lib" "-L/opt/intel/compilers_and_libraries_2019.5.281/linux/ipp/lib/intel64" "-L/opt/intel/compilers_and_libraries_2019.5.281/linux/compiler/lib/intel64_lin" "-L/opt/intel/compilers_and_libraries_2019.5.281/linux/mkl/lib/intel64_lin" "-L/opt/intel/compilers_and_libraries_2019.5.281/linux/tbb/lib/intel64/gcc4.7" "-L/opt/intel/compilers_and_libraries_2019.5.281/linux/daal/lib/intel64_lin" "-L/opt/intel/compilers_and_libraries_2019.5.281/linux/compiler/lib/intel64_lin" "-L/usr/lib/gcc/x86_64-redhat-linux/4.8.5/" "-L/usr/lib/gcc/x86_64-redhat-linux/4.8.5/../../../../lib64" "-L/usr/lib/gcc/x86_64-redhat-linux/4.8.5/../../../../lib64/" "-L/lib/../lib64" "-L/lib/../lib64/" "-L/usr/lib/../lib64" "-L/usr/lib/../lib64/" "-L/opt/intel/clck/2019.5/lib/intel64/" "-L/opt/intel/compilers_and_libraries_2019.5.281/linux/mpi/intel64/libfabric/lib/" "-L/opt/intel/compilers_and_libraries_2019.5.281/linux/ipp/lib/intel64/" "-L/opt/intel/compilers_and_libraries_2019.5.281/linux/compiler/lib/intel64_lin/" "-L/opt/intel/compilers_and_libraries_2019.5.281/linux/mkl/lib/intel64_lin/" "-L/opt/intel/compilers_and_libraries_2019.5.281/linux/tbb/lib/intel64/gcc4.7/" "-L/opt/intel/compilers_and_libraries_2019.5.281/linux/daal/lib/intel64_lin/" "-L/usr/lib/gcc/x86_64-redhat-linux/4.8.5/../../../" "-L/lib64" "-L/lib/" "-L/usr/lib64" "-L/usr/lib" "-L/usr/lib/i386-linux-gnu" "CMakeFiles/cmTC_1929d.dir/CMakeCCompilerABI.c.o" "-Bdynamic" "-Bstatic" "-limf" "-lsvml" "-lirng" "-Bdynamic" "-lm" "-Bstatic" "-lipgo" "-ldecimal" "--as-needed" "-Bdynamic" "-lcilkrts" "-lstdc++" "--no-as-needed" "-lgcc" "-lgcc_s" "-Bstatic" "-lirc" "-lsvml" "-Bdynamic" "-lc" "-lgcc" "-lgcc_s" "-Bstatic" "-lirc_s" "-Bdynamic" "-ldl" "-lc" "/usr/lib/gcc/x86_64-redhat-linux/4.8.5/crtend.o" "/usr/lib/gcc/x86_64-redhat-linux/4.8.5/../../../../lib64/crtn.o"" -mIPOPT_il_in_obj -mIPOPT_ipo_activate_warn=FALSE -mIPOPT_obj_output_file_name=/tmp/ipo_icc6BTwBA.o -mIPOPT_whole_archive_fixup_file_name=/tmp/iccwarchDeCjuo -mGLOB_linker_version=2.27 -mGLOB_linker=ld -mGLOB_driver_tempfile_name=/tmp/icctempfileW42oG4 -mP3OPT_asm_target=P3OPT_ASM_TARGET_GAS -mGLOB_async_unwind_tables=TRUE -mGLOB_obj_output_file=/tmp/ipo_icc6BTwBA.o -mGLOB_source_dialect=GLOB_SOURCE_DIALECT_NONE -mP1OPT_source_file_name=ipo_out.c CMakeFiles/cmTC_1929d.dir/CMakeCCompilerABI.c.o -mIPOPT_object_files=T -mIPOPT_assembly_files=/tmp/iccalisKKkMYW -mIPOPT_generated_tempfiles=/tmp/iccelis1ihpaD -mIPOPT_embedded_object_base_name=/tmp/icceobj9nl2lj -mIPOPT_cmdline_link_new_name=/tmp/iccllisfxxFxZ
ld    /usr/lib/gcc/x86_64-redhat-linux/4.8.5/../../../../lib64/crt1.o /usr/lib/gcc/x86_64-redhat-linux/4.8.5/../../../../lib64/crti.o /usr/lib/gcc/x86_64-redhat-linux/4.8.5/crtbegin.o -export-dynamic --eh-frame-hdr --build-id -dynamic-linker /lib64/ld-linux-x86-64.so.2 -m elf_x86_64 -o cmTC_1929d -L/opt/intel/clck/2019.5/lib/intel64 -L/opt/intel/compilers_and_libraries_2019.5.281/linux/mpi/intel64/libfabric/lib -L/opt/intel/compilers_and_libraries_2019.5.281/linux/ipp/lib/intel64 -L/opt/intel/compilers_and_libraries_2019.5.281/linux/compiler/lib/intel64_lin -L/opt/intel/compilers_and_libraries_2019.5.281/linux/mkl/lib/intel64_lin -L/opt/intel/compilers_and_libraries_2019.5.281/linux/tbb/lib/intel64/gcc4.7 -L/opt/intel/compilers_and_libraries_2019.5.281/linux/daal/lib/intel64_lin -L/opt/intel/compilers_and_libraries_2019.5.281/linux/compiler/lib/intel64_lin -L/usr/lib/gcc/x86_64-redhat-linux/4.8.5/ -L/usr/lib/gcc/x86_64-redhat-linux/4.8.5/../../../../lib64 -L/usr/lib/gcc/x86_64-redhat-linux/4.8.5/../../../../lib64/ -L/lib/../lib64 -L/lib/../lib64/ -L/usr/lib/../lib64 -L/usr/lib/../lib64/ -L/opt/intel/clck/2019.5/lib/intel64/ -L/opt/intel/compilers_and_libraries_2019.5.281/linux/mpi/intel64/libfabric/lib/ -L/opt/intel/compilers_and_libraries_2019.5.281/linux/ipp/lib/intel64/ -L/opt/intel/compilers_and_libraries_2019.5.281/linux/compiler/lib/intel64_lin/ -L/opt/intel/compilers_and_libraries_2019.5.281/linux/mkl/lib/intel64_lin/ -L/opt/intel/compilers_and_libraries_2019.5.281/linux/tbb/lib/intel64/gcc4.7/ -L/opt/intel/compilers_and_libraries_2019.5.281/linux/daal/lib/intel64_lin/ -L/usr/lib/gcc/x86_64-redhat-linux/4.8.5/../../../ -L/lib64 -L/lib/ -L/usr/lib64 -L/usr/lib -L/usr/lib/i386-linux-gnu CMakeFiles/cmTC_1929d.dir/CMakeCCompilerABI.c.o -Bdynamic -Bstatic -limf -lsvml -lirng -Bdynamic -lm -Bstatic -lipgo -ldecimal --as-needed -Bdynamic -lcilkrts -lstdc++ --no-as-needed -lgcc -lgcc_s -Bstatic -lirc -lsvml -Bdynamic -lc -lgcc -lgcc_s -Bstatic -lirc_s -Bdynamic -ldl -lc /usr/lib/gcc/x86_64-redhat-linux/4.8.5/crtend.o /usr/lib/gcc/x86_64-redhat-linux/4.8.5/../../../../lib64/crtn.o
gmake[1]: Leaving directory `/pylon5/oc5phkp/ewhite12/code/ICM_Morph/build/CMakeFiles/CMakeTmp'



Parsed C implicit include dir info from above output: rv=done
  found start of include info
  found start of implicit include info
    add: [/opt/intel/compilers_and_libraries_2019.5.281/linux/pstl/include]
    add: [/opt/intel/compilers_and_libraries_2019.5.281/linux/ipp/include]
    add: [/opt/intel/compilers_and_libraries_2019.5.281/linux/mkl/include]
    add: [/opt/intel/compilers_and_libraries_2019.5.281/linux/pstl/include]
    add: [/opt/intel/compilers_and_libraries_2019.5.281/linux/tbb/include]
    add: [/opt/intel/compilers_and_libraries_2019.5.281/linux/daal/include]
    add: [/opt/intel/compilers_and_libraries_2019.5.281/linux/compiler/include/intel64]
    add: [/opt/intel/compilers_and_libraries_2019.5.281/linux/compiler/include/icc]
    add: [/opt/intel/compilers_and_libraries_2019.5.281/linux/compiler/include]
    add: [/usr/local/include]
    add: [/usr/lib/gcc/x86_64-redhat-linux/4.8.5/include]
    add: [/usr/include/]
    add: [/usr/include]
  end of search list found
  collapse include dir [/opt/intel/compilers_and_libraries_2019.5.281/linux/pstl/include] ==> [/opt/intel/compilers_and_libraries_2019.5.281/linux/pstl/include]
  collapse include dir [/opt/intel/compilers_and_libraries_2019.5.281/linux/ipp/include] ==> [/opt/intel/compilers_and_libraries_2019.5.281/linux/ipp/include]
  collapse include dir [/opt/intel/compilers_and_libraries_2019.5.281/linux/mkl/include] ==> [/opt/intel/compilers_and_libraries_2019.5.281/linux/mkl/include]
  collapse include dir [/opt/intel/compilers_and_libraries_2019.5.281/linux/pstl/include] ==> [/opt/intel/compilers_and_libraries_2019.5.281/linux/pstl/include]
  collapse include dir [/opt/intel/compilers_and_libraries_2019.5.281/linux/tbb/include] ==> [/opt/intel/compilers_and_libraries_2019.5.281/linux/tbb/include]
  collapse include dir [/opt/intel/compilers_and_libraries_2019.5.281/linux/daal/include] ==> [/opt/intel/compilers_and_libraries_2019.5.281/linux/daal/include]
  collapse include dir [/opt/intel/compilers_and_libraries_2019.5.281/linux/compiler/include/intel64] ==> [/opt/intel/compilers_and_libraries_2019.5.281/linux/compiler/include/intel64]
  collapse include dir [/opt/intel/compilers_and_libraries_2019.5.281/linux/compiler/include/icc] ==> [/opt/intel/compilers_and_libraries_2019.5.281/linux/compiler/include/icc]
  collapse include dir [/opt/intel/compilers_and_libraries_2019.5.281/linux/compiler/include] ==> [/opt/intel/compilers_and_libraries_2019.5.281/linux/compiler/include]
  collapse include dir [/usr/local/include] ==> [/usr/local/include]
  collapse include dir [/usr/lib/gcc/x86_64-redhat-linux/4.8.5/include] ==> [/usr/lib/gcc/x86_64-redhat-linux/4.8.5/include]
  collapse include dir [/usr/include/] ==> [/usr/include]
  collapse include dir [/usr/include] ==> [/usr/include]
  implicit include dirs: [/opt/intel/compilers_and_libraries_2019.5.281/linux/pstl/include;/opt/intel/compilers_and_libraries_2019.5.281/linux/ipp/include;/opt/intel/compilers_and_libraries_2019.5.281/linux/mkl/include;/opt/intel/compilers_and_libraries_2019.5.281/linux/tbb/include;/opt/intel/compilers_and_libraries_2019.5.281/linux/daal/include;/opt/intel/compilers_and_libraries_2019.5.281/linux/compiler/include/intel64;/opt/intel/compilers_and_libraries_2019.5.281/linux/compiler/include/icc;/opt/intel/compilers_and_libraries_2019.5.281/linux/compiler/include;/usr/local/include;/usr/lib/gcc/x86_64-redhat-linux/4.8.5/include;/usr/include]


Parsed C implicit link information from above output:
  link line regex: [^( *|.*[/\])(ld|CMAKE_LINK_STARTFILE-NOTFOUND|([^/\]+-)?ld|collect2)[^/\]*( |$)]
  ignore line: [Change Dir: /pylon5/oc5phkp/ewhite12/code/ICM_Morph/build/CMakeFiles/CMakeTmp]
  ignore line: []
  ignore line: [Run Build Command(s):/usr/bin/gmake cmTC_1929d/fast && /usr/bin/gmake -f CMakeFiles/cmTC_1929d.dir/build.make CMakeFiles/cmTC_1929d.dir/build]
  ignore line: [gmake[1]: Entering directory `/pylon5/oc5phkp/ewhite12/code/ICM_Morph/build/CMakeFiles/CMakeTmp']
  ignore line: [Building C object CMakeFiles/cmTC_1929d.dir/CMakeCCompilerABI.c.o]
  ignore line: [/opt/intel/compilers_and_libraries_2019.5.281/linux/bin/intel64/icc   -v -o CMakeFiles/cmTC_1929d.dir/CMakeCCompilerABI.c.o   -c /opt/packages/cmake/3.17.0/share/cmake-3.17/Modules/CMakeCCompilerABI.c]
  ignore line: [icc version 19.0.5.281 (gcc version 4.8.5 compatibility)]
  ignore line: [/opt/intel/compilers_and_libraries_2019.5.281/linux/bin/intel64/mcpcom    --target_efi2 --lang=c -_g -mP3OPT_inline_alloca -D__ICC=1900 -D__INTEL_COMPILER=1900 -D__INTEL_COMPILER_UPDATE=5 -D__PTRDIFF_TYPE__=long "-D__SIZE_TYPE__=unsigned long" -D__WCHAR_TYPE__=int "-D__WINT_TYPE__=unsigned int" "-D__INTMAX_TYPE__=long int" "-D__UINTMAX_TYPE__=long unsigned int" -D__LONG_MAX__=9223372036854775807L -D__QMSPP_ -D__OPTIMIZE__ -D__NO_MATH_INLINES -D__NO_STRING_INLINES -D__GNUC_GNU_INLINE__ -D__GNUC__=4 -D__GNUC_MINOR__=8 -D__GNUC_PATCHLEVEL__=5 -D__LP64__ -D_LP64 -D__GXX_ABI_VERSION=1002 "-D__USER_LABEL_PREFIX__= " -D__REGISTER_PREFIX__= -D__INTEL_RTTI__ -D__unix__ -D__unix -D__linux__ -D__linux -D__gnu_linux__ -B -Dunix -Dlinux "-_Asystem(unix)" -D__ELF__ -D__x86_64 -D__x86_64__ -D__amd64 -D__amd64__ "-_Acpu(x86_64)" "-_Amachine(x86_64)" -D__INTEL_COMPILER_BUILD_DATE=20190815 -D__INTEL_OFFLOAD -D__i686 -D__i686__ -D__pentiumpro -D__pentiumpro__ -D__tune_i686__ -D__tune_pentiumpro__ -D__pentium4 -D__pentium4__ -D__tune_pentium4__ -D__SSE2__ -D__SSE2_MATH__ -D__SSE__ -D__SSE_MATH__ -D__MMX__ -_k -_8 -_l --has_new_stdarg_support -_a -_b --gnu_version=40805 -_W5 --gcc-extern-inline --openmp_simd --multibyte_chars -mGLOB_diag_suppress_sys --system_preinclude /usr/include/stdc-predef.h -I/opt/intel/compilers_and_libraries_2019.5.281/linux/pstl/include -I/opt/intel/compilers_and_libraries_2019.5.281/linux/ipp/include -I/opt/intel/compilers_and_libraries_2019.5.281/linux/mkl/include -I/opt/intel/compilers_and_libraries_2019.5.281/linux/pstl/include -I/opt/intel/compilers_and_libraries_2019.5.281/linux/tbb/include -I/opt/intel/compilers_and_libraries_2019.5.281/linux/daal/include --array_section --simd --simd_func --offload_mode=1 --offload_target_names=mic MIC --offload_unique_string=icc1368364757lWU8Il -mGLOB_em64t=TRUE -mP1OPT_version=19.0-intel64 -mGLOB_diag_file=CMakeFiles/cmTC_1929d.dir/CMakeCCompilerABI.c.diag -mGLOB_long_size_64 -mGLOB_routine_pointer_size_64 -mP1OPT_print_version=FALSE -mCG_use_gas_got_workaround=F -mP2OPT_align_option_used=TRUE -mGLOB_gcc_version=485 "-mGLOB_options_string=-v -o CMakeFiles/cmTC_1929d.dir/CMakeCCompilerABI.c.o -c" -mGLOB_cxx_limited_range=FALSE -mCG_extend_parms=FALSE -mGLOB_compiler_bin_directory=/opt/intel/compilers_and_libraries_2019.5.281/linux/bin/intel64 -mGLOB_as_output_backup_file_name=/tmp/iccsTWWrnas_.s -mIPOPT_activate -mIPOPT_lite -mGLOB_uarch_tuning=0x0 -mGLOB_product_id_code=0x22006d93 -mCG_bnl_movbe=T -mGLOB_extended_instructions=0x8 -mP3OPT_use_mspp_call_convention -mP2OPT_subs_out_of_bound=FALSE -mP2OPT_disam_type_based_disam=2 -mP2OPT_disam_assume_ansi_c -mP2OPT_checked_disam_ansi_alias=TRUE -mGLOB_ansi_alias -mPGOPTI_value_profile_use=T -mP2OPT_il0_array_sections=TRUE -mGLOB_offload_mode=1 -mP2OPT_offload_unique_var_string=icc1368364757lWU8Il -mP2OPT_hlo_level=2 -mP2OPT_hlo -mP2OPT_hpo_rtt_control=0 -mIPOPT_args_in_regs=0 -mP2OPT_disam_assume_nonstd_intent_in=FALSE -mGLOB_imf_mapping_library=/opt/intel/compilers_and_libraries_2019.5.281/linux/bin/intel64/libiml_attr.so -mPGOPTI_gen_threadsafe_level=0 -mIPOPT_lto_object_enabled -mIPOPT_lto_object_value=1 -mIPOPT_obj_output_file_name=CMakeFiles/cmTC_1929d.dir/CMakeCCompilerABI.c.o -mIPOPT_whole_archive_fixup_file_name=/tmp/iccwarchtOSEjJ -mGLOB_linker_version=2.27 -mGLOB_linker=ld -mGLOB_driver_tempfile_name=/tmp/icctempfilejegDfp -mP3OPT_asm_target=P3OPT_ASM_TARGET_GAS -mGLOB_async_unwind_tables=TRUE -mGLOB_obj_output_file=CMakeFiles/cmTC_1929d.dir/CMakeCCompilerABI.c.o -mGLOB_source_dialect=GLOB_SOURCE_DIALECT_C -mP1OPT_source_file_name=/opt/packages/cmake/3.17.0/share/cmake-3.17/Modules/CMakeCCompilerABI.c -mP1OPT_full_source_file_name=/opt/packages/cmake/3.17.0/share/cmake-3.17/Modules/CMakeCCompilerABI.c /opt/packages/cmake/3.17.0/share/cmake-3.17/Modules/CMakeCCompilerABI.c]
  ignore line: [#include "..." search starts here:]
  ignore line: [#include <...> search starts here:]
  ignore line: [ /opt/intel/compilers_and_libraries_2019.5.281/linux/pstl/include]
  ignore line: [ /opt/intel/compilers_and_libraries_2019.5.281/linux/ipp/include]
  ignore line: [ /opt/intel/compilers_and_libraries_2019.5.281/linux/mkl/include]
  ignore line: [ /opt/intel/compilers_and_libraries_2019.5.281/linux/pstl/include]
  ignore line: [ /opt/intel/compilers_and_libraries_2019.5.281/linux/tbb/include]
  ignore line: [ /opt/intel/compilers_and_libraries_2019.5.281/linux/daal/include]
  ignore line: [ /opt/intel/compilers_and_libraries_2019.5.281/linux/compiler/include/intel64]
  ignore line: [ /opt/intel/compilers_and_libraries_2019.5.281/linux/compiler/include/icc]
  ignore line: [ /opt/intel/compilers_and_libraries_2019.5.281/linux/compiler/include]
  ignore line: [ /usr/local/include]
  ignore line: [ /usr/lib/gcc/x86_64-redhat-linux/4.8.5/include]
  ignore line: [ /usr/include/]
  ignore line: [ /usr/include]
  ignore line: [End of search list.]
  ignore line: [Linking C executable cmTC_1929d]
  ignore line: [/opt/packages/cmake/3.17.0/bin/cmake -E cmake_link_script CMakeFiles/cmTC_1929d.dir/link.txt --verbose=1]
  ignore line: [/opt/intel/compilers_and_libraries_2019.5.281/linux/bin/intel64/icc     -v -rdynamic CMakeFiles/cmTC_1929d.dir/CMakeCCompilerABI.c.o  -o cmTC_1929d ]
  ignore line: [icc version 19.0.5.281 (gcc version 4.8.5 compatibility)]
  ignore line: [/opt/intel/compilers_and_libraries_2019.5.281/linux/bin/intel64/mcpcom    -mGLOB_em64t=TRUE -mP1OPT_version=19.0-intel64 -mGLOB_diag_file=CMakeFiles/cmTC_1929d.dir/CMakeCCompilerABI.c.diag -mGLOB_long_size_64 -mGLOB_routine_pointer_size_64 -mP1OPT_print_version=FALSE -mCG_use_gas_got_workaround=F -mP2OPT_align_option_used=TRUE -mGLOB_gcc_version=485 "-mGLOB_options_string=-v -rdynamic -o cmTC_1929d" -mGLOB_cxx_limited_range=FALSE -mCG_extend_parms=FALSE -mGLOB_compiler_bin_directory=/opt/intel/compilers_and_libraries_2019.5.281/linux/bin/intel64 -mGLOB_as_output_backup_file_name=/tmp/icc2WmA61as_.s -mGLOB_dashboard_use_source_name -mIPOPT_activate -mGLOB_product_id_code=0x22006d93 -mP3OPT_use_mspp_call_convention -mP2OPT_subs_out_of_bound=FALSE -mP2OPT_disam_type_based_disam=2 -mP2OPT_disam_assume_ansi_c -mP2OPT_checked_disam_ansi_alias=TRUE -mGLOB_ansi_alias -mPGOPTI_value_profile_use=T -mGLOB_opt_report_use_source_name -mP2OPT_il0_array_sections=TRUE -mGLOB_offload_mode=1 -mP2OPT_offload_unique_var_string=icc1765931985Y6Hx7s -mP2OPT_hlo -mP2OPT_hpo_rtt_control=0 -mIPOPT_args_in_regs=0 -mP2OPT_disam_assume_nonstd_intent_in=FALSE -mGLOB_imf_mapping_library=/opt/intel/compilers_and_libraries_2019.5.281/linux/bin/intel64/libiml_attr.so -mPGOPTI_gen_threadsafe_level=0 -mIPOPT_link -mIPOPT_ipo_activate -mIPOPT_mo_activate -mIPOPT_source_files_list=/tmp/iccslisZpZiJF -mIPOPT_mo_global_data -mIPOPT_link_script_file=/tmp/iccscripta6xWUl "-mIPOPT_cmdline_link="/usr/lib/gcc/x86_64-redhat-linux/4.8.5/../../../../lib64/crt1.o" "/usr/lib/gcc/x86_64-redhat-linux/4.8.5/../../../../lib64/crti.o" "/usr/lib/gcc/x86_64-redhat-linux/4.8.5/crtbegin.o" "-export-dynamic" "--eh-frame-hdr" "--build-id" "-dynamic-linker" "/lib64/ld-linux-x86-64.so.2" "-m" "elf_x86_64" "-o" "cmTC_1929d" "-L/opt/intel/clck/2019.5/lib/intel64" "-L/opt/intel/compilers_and_libraries_2019.5.281/linux/mpi/intel64/libfabric/lib" "-L/opt/intel/compilers_and_libraries_2019.5.281/linux/ipp/lib/intel64" "-L/opt/intel/compilers_and_libraries_2019.5.281/linux/compiler/lib/intel64_lin" "-L/opt/intel/compilers_and_libraries_2019.5.281/linux/mkl/lib/intel64_lin" "-L/opt/intel/compilers_and_libraries_2019.5.281/linux/tbb/lib/intel64/gcc4.7" "-L/opt/intel/compilers_and_libraries_2019.5.281/linux/daal/lib/intel64_lin" "-L/opt/intel/compilers_and_libraries_2019.5.281/linux/compiler/lib/intel64_lin" "-L/usr/lib/gcc/x86_64-redhat-linux/4.8.5/" "-L/usr/lib/gcc/x86_64-redhat-linux/4.8.5/../../../../lib64" "-L/usr/lib/gcc/x86_64-redhat-linux/4.8.5/../../../../lib64/" "-L/lib/../lib64" "-L/lib/../lib64/" "-L/usr/lib/../lib64" "-L/usr/lib/../lib64/" "-L/opt/intel/clck/2019.5/lib/intel64/" "-L/opt/intel/compilers_and_libraries_2019.5.281/linux/mpi/intel64/libfabric/lib/" "-L/opt/intel/compilers_and_libraries_2019.5.281/linux/ipp/lib/intel64/" "-L/opt/intel/compilers_and_libraries_2019.5.281/linux/compiler/lib/intel64_lin/" "-L/opt/intel/compilers_and_libraries_2019.5.281/linux/mkl/lib/intel64_lin/" "-L/opt/intel/compilers_and_libraries_2019.5.281/linux/tbb/lib/intel64/gcc4.7/" "-L/opt/intel/compilers_and_libraries_2019.5.281/linux/daal/lib/intel64_lin/" "-L/usr/lib/gcc/x86_64-redhat-linux/4.8.5/../../../" "-L/lib64" "-L/lib/" "-L/usr/lib64" "-L/usr/lib" "-L/usr/lib/i386-linux-gnu" "CMakeFiles/cmTC_1929d.dir/CMakeCCompilerABI.c.o" "-Bdynamic" "-Bstatic" "-limf" "-lsvml" "-lirng" "-Bdynamic" "-lm" "-Bstatic" "-lipgo" "-ldecimal" "--as-needed" "-Bdynamic" "-lcilkrts" "-lstdc++" "--no-as-needed" "-lgcc" "-lgcc_s" "-Bstatic" "-lirc" "-lsvml" "-Bdynamic" "-lc" "-lgcc" "-lgcc_s" "-Bstatic" "-lirc_s" "-Bdynamic" "-ldl" "-lc" "/usr/lib/gcc/x86_64-redhat-linux/4.8.5/crtend.o" "/usr/lib/gcc/x86_64-redhat-linux/4.8.5/../../../../lib64/crtn.o"" -mIPOPT_il_in_obj -mIPOPT_ipo_activate_warn=FALSE -mIPOPT_obj_output_file_name=/tmp/ipo_icc6BTwBA.o -mIPOPT_whole_archive_fixup_file_name=/tmp/iccwarchDeCjuo -mGLOB_linker_version=2.27 -mGLOB_linker=ld -mGLOB_driver_tempfile_name=/tmp/icctempfileW42oG4 -mP3OPT_asm_target=P3OPT_ASM_TARGET_GAS -mGLOB_async_unwind_tables=TRUE -mGLOB_obj_output_file=/tmp/ipo_icc6BTwBA.o -mGLOB_source_dialect=GLOB_SOURCE_DIALECT_NONE -mP1OPT_source_file_name=ipo_out.c CMakeFiles/cmTC_1929d.dir/CMakeCCompilerABI.c.o -mIPOPT_object_files=T -mIPOPT_assembly_files=/tmp/iccalisKKkMYW -mIPOPT_generated_tempfiles=/tmp/iccelis1ihpaD -mIPOPT_embedded_object_base_name=/tmp/icceobj9nl2lj -mIPOPT_cmdline_link_new_name=/tmp/iccllisfxxFxZ]
  link line: [ld    /usr/lib/gcc/x86_64-redhat-linux/4.8.5/../../../../lib64/crt1.o /usr/lib/gcc/x86_64-redhat-linux/4.8.5/../../../../lib64/crti.o /usr/lib/gcc/x86_64-redhat-linux/4.8.5/crtbegin.o -export-dynamic --eh-frame-hdr --build-id -dynamic-linker /lib64/ld-linux-x86-64.so.2 -m elf_x86_64 -o cmTC_1929d -L/opt/intel/clck/2019.5/lib/intel64 -L/opt/intel/compilers_and_libraries_2019.5.281/linux/mpi/intel64/libfabric/lib -L/opt/intel/compilers_and_libraries_2019.5.281/linux/ipp/lib/intel64 -L/opt/intel/compilers_and_libraries_2019.5.281/linux/compiler/lib/intel64_lin -L/opt/intel/compilers_and_libraries_2019.5.281/linux/mkl/lib/intel64_lin -L/opt/intel/compilers_and_libraries_2019.5.281/linux/tbb/lib/intel64/gcc4.7 -L/opt/intel/compilers_and_libraries_2019.5.281/linux/daal/lib/intel64_lin -L/opt/intel/compilers_and_libraries_2019.5.281/linux/compiler/lib/intel64_lin -L/usr/lib/gcc/x86_64-redhat-linux/4.8.5/ -L/usr/lib/gcc/x86_64-redhat-linux/4.8.5/../../../../lib64 -L/usr/lib/gcc/x86_64-redhat-linux/4.8.5/../../../../lib64/ -L/lib/../lib64 -L/lib/../lib64/ -L/usr/lib/../lib64 -L/usr/lib/../lib64/ -L/opt/intel/clck/2019.5/lib/intel64/ -L/opt/intel/compilers_and_libraries_2019.5.281/linux/mpi/intel64/libfabric/lib/ -L/opt/intel/compilers_and_libraries_2019.5.281/linux/ipp/lib/intel64/ -L/opt/intel/compilers_and_libraries_2019.5.281/linux/compiler/lib/intel64_lin/ -L/opt/intel/compilers_and_libraries_2019.5.281/linux/mkl/lib/intel64_lin/ -L/opt/intel/compilers_and_libraries_2019.5.281/linux/tbb/lib/intel64/gcc4.7/ -L/opt/intel/compilers_and_libraries_2019.5.281/linux/daal/lib/intel64_lin/ -L/usr/lib/gcc/x86_64-redhat-linux/4.8.5/../../../ -L/lib64 -L/lib/ -L/usr/lib64 -L/usr/lib -L/usr/lib/i386-linux-gnu CMakeFiles/cmTC_1929d.dir/CMakeCCompilerABI.c.o -Bdynamic -Bstatic -limf -lsvml -lirng -Bdynamic -lm -Bstatic -lipgo -ldecimal --as-needed -Bdynamic -lcilkrts -lstdc++ --no-as-needed -lgcc -lgcc_s -Bstatic -lirc -lsvml -Bdynamic -lc -lgcc -lgcc_s -Bstatic -lirc_s -Bdynamic -ldl -lc /usr/lib/gcc/x86_64-redhat-linux/4.8.5/crtend.o /usr/lib/gcc/x86_64-redhat-linux/4.8.5/../../../../lib64/crtn.o]
    arg [ld] ==> ignore
    arg [/usr/lib/gcc/x86_64-redhat-linux/4.8.5/../../../../lib64/crt1.o] ==> ignore
    arg [/usr/lib/gcc/x86_64-redhat-linux/4.8.5/../../../../lib64/crti.o] ==> ignore
    arg [/usr/lib/gcc/x86_64-redhat-linux/4.8.5/crtbegin.o] ==> ignore
    arg [-export-dynamic] ==> ignore
    arg [--eh-frame-hdr] ==> ignore
    arg [--build-id] ==> ignore
    arg [-dynamic-linker] ==> ignore
    arg [/lib64/ld-linux-x86-64.so.2] ==> ignore
    arg [-m] ==> ignore
    arg [elf_x86_64] ==> ignore
    arg [-o] ==> ignore
    arg [cmTC_1929d] ==> ignore
    arg [-L/opt/intel/clck/2019.5/lib/intel64] ==> dir [/opt/intel/clck/2019.5/lib/intel64]
    arg [-L/opt/intel/compilers_and_libraries_2019.5.281/linux/mpi/intel64/libfabric/lib] ==> dir [/opt/intel/compilers_and_libraries_2019.5.281/linux/mpi/intel64/libfabric/lib]
    arg [-L/opt/intel/compilers_and_libraries_2019.5.281/linux/ipp/lib/intel64] ==> dir [/opt/intel/compilers_and_libraries_2019.5.281/linux/ipp/lib/intel64]
    arg [-L/opt/intel/compilers_and_libraries_2019.5.281/linux/compiler/lib/intel64_lin] ==> dir [/opt/intel/compilers_and_libraries_2019.5.281/linux/compiler/lib/intel64_lin]
    arg [-L/opt/intel/compilers_and_libraries_2019.5.281/linux/mkl/lib/intel64_lin] ==> dir [/opt/intel/compilers_and_libraries_2019.5.281/linux/mkl/lib/intel64_lin]
    arg [-L/opt/intel/compilers_and_libraries_2019.5.281/linux/tbb/lib/intel64/gcc4.7] ==> dir [/opt/intel/compilers_and_libraries_2019.5.281/linux/tbb/lib/intel64/gcc4.7]
    arg [-L/opt/intel/compilers_and_libraries_2019.5.281/linux/daal/lib/intel64_lin] ==> dir [/opt/intel/compilers_and_libraries_2019.5.281/linux/daal/lib/intel64_lin]
    arg [-L/opt/intel/compilers_and_libraries_2019.5.281/linux/compiler/lib/intel64_lin] ==> dir [/opt/intel/compilers_and_libraries_2019.5.281/linux/compiler/lib/intel64_lin]
    arg [-L/usr/lib/gcc/x86_64-redhat-linux/4.8.5/] ==> dir [/usr/lib/gcc/x86_64-redhat-linux/4.8.5/]
    arg [-L/usr/lib/gcc/x86_64-redhat-linux/4.8.5/../../../../lib64] ==> dir [/usr/lib/gcc/x86_64-redhat-linux/4.8.5/../../../../lib64]
    arg [-L/usr/lib/gcc/x86_64-redhat-linux/4.8.5/../../../../lib64/] ==> dir [/usr/lib/gcc/x86_64-redhat-linux/4.8.5/../../../../lib64/]
    arg [-L/lib/../lib64] ==> dir [/lib/../lib64]
    arg [-L/lib/../lib64/] ==> dir [/lib/../lib64/]
    arg [-L/usr/lib/../lib64] ==> dir [/usr/lib/../lib64]
    arg [-L/usr/lib/../lib64/] ==> dir [/usr/lib/../lib64/]
    arg [-L/opt/intel/clck/2019.5/lib/intel64/] ==> dir [/opt/intel/clck/2019.5/lib/intel64/]
    arg [-L/opt/intel/compilers_and_libraries_2019.5.281/linux/mpi/intel64/libfabric/lib/] ==> dir [/opt/intel/compilers_and_libraries_2019.5.281/linux/mpi/intel64/libfabric/lib/]
    arg [-L/opt/intel/compilers_and_libraries_2019.5.281/linux/ipp/lib/intel64/] ==> dir [/opt/intel/compilers_and_libraries_2019.5.281/linux/ipp/lib/intel64/]
    arg [-L/opt/intel/compilers_and_libraries_2019.5.281/linux/compiler/lib/intel64_lin/] ==> dir [/opt/intel/compilers_and_libraries_2019.5.281/linux/compiler/lib/intel64_lin/]
    arg [-L/opt/intel/compilers_and_libraries_2019.5.281/linux/mkl/lib/intel64_lin/] ==> dir [/opt/intel/compilers_and_libraries_2019.5.281/linux/mkl/lib/intel64_lin/]
    arg [-L/opt/intel/compilers_and_libraries_2019.5.281/linux/tbb/lib/intel64/gcc4.7/] ==> dir [/opt/intel/compilers_and_libraries_2019.5.281/linux/tbb/lib/intel64/gcc4.7/]
    arg [-L/opt/intel/compilers_and_libraries_2019.5.281/linux/daal/lib/intel64_lin/] ==> dir [/opt/intel/compilers_and_libraries_2019.5.281/linux/daal/lib/intel64_lin/]
    arg [-L/usr/lib/gcc/x86_64-redhat-linux/4.8.5/../../../] ==> dir [/usr/lib/gcc/x86_64-redhat-linux/4.8.5/../../../]
    arg [-L/lib64] ==> dir [/lib64]
    arg [-L/lib/] ==> dir [/lib/]
    arg [-L/usr/lib64] ==> dir [/usr/lib64]
    arg [-L/usr/lib] ==> dir [/usr/lib]
    arg [-L/usr/lib/i386-linux-gnu] ==> dir [/usr/lib/i386-linux-gnu]
    arg [CMakeFiles/cmTC_1929d.dir/CMakeCCompilerABI.c.o] ==> ignore
    arg [-Bdynamic] ==> ignore
    arg [-Bstatic] ==> ignore
    arg [-limf] ==> lib [imf]
    arg [-lsvml] ==> lib [svml]
    arg [-lirng] ==> lib [irng]
    arg [-Bdynamic] ==> ignore
    arg [-lm] ==> lib [m]
    arg [-Bstatic] ==> ignore
    arg [-lipgo] ==> lib [ipgo]
    arg [-ldecimal] ==> lib [decimal]
    arg [--as-needed] ==> ignore
    arg [-Bdynamic] ==> ignore
    arg [-lcilkrts] ==> lib [cilkrts]
    arg [-lstdc++] ==> lib [stdc++]
    arg [--no-as-needed] ==> ignore
    arg [-lgcc] ==> lib [gcc]
    arg [-lgcc_s] ==> lib [gcc_s]
    arg [-Bstatic] ==> ignore
    arg [-lirc] ==> lib [irc]
    arg [-lsvml] ==> lib [svml]
    arg [-Bdynamic] ==> ignore
    arg [-lc] ==> lib [c]
    arg [-lgcc] ==> lib [gcc]
    arg [-lgcc_s] ==> lib [gcc_s]
    arg [-Bstatic] ==> ignore
    arg [-lirc_s] ==> lib [irc_s]
    arg [-Bdynamic] ==> ignore
    arg [-ldl] ==> lib [dl]
    arg [-lc] ==> lib [c]
    arg [/usr/lib/gcc/x86_64-redhat-linux/4.8.5/crtend.o] ==> ignore
    arg [/usr/lib/gcc/x86_64-redhat-linux/4.8.5/../../../../lib64/crtn.o] ==> ignore
  collapse library dir [/opt/intel/clck/2019.5/lib/intel64] ==> [/opt/intel/clck/2019.5/lib/intel64]
  collapse library dir [/opt/intel/compilers_and_libraries_2019.5.281/linux/mpi/intel64/libfabric/lib] ==> [/opt/intel/compilers_and_libraries_2019.5.281/linux/mpi/intel64/libfabric/lib]
  collapse library dir [/opt/intel/compilers_and_libraries_2019.5.281/linux/ipp/lib/intel64] ==> [/opt/intel/compilers_and_libraries_2019.5.281/linux/ipp/lib/intel64]
  collapse library dir [/opt/intel/compilers_and_libraries_2019.5.281/linux/compiler/lib/intel64_lin] ==> [/opt/intel/compilers_and_libraries_2019.5.281/linux/compiler/lib/intel64_lin]
  collapse library dir [/opt/intel/compilers_and_libraries_2019.5.281/linux/mkl/lib/intel64_lin] ==> [/opt/intel/compilers_and_libraries_2019.5.281/linux/mkl/lib/intel64_lin]
  collapse library dir [/opt/intel/compilers_and_libraries_2019.5.281/linux/tbb/lib/intel64/gcc4.7] ==> [/opt/intel/compilers_and_libraries_2019.5.281/linux/tbb/lib/intel64/gcc4.7]
  collapse library dir [/opt/intel/compilers_and_libraries_2019.5.281/linux/daal/lib/intel64_lin] ==> [/opt/intel/compilers_and_libraries_2019.5.281/linux/daal/lib/intel64_lin]
  collapse library dir [/opt/intel/compilers_and_libraries_2019.5.281/linux/compiler/lib/intel64_lin] ==> [/opt/intel/compilers_and_libraries_2019.5.281/linux/compiler/lib/intel64_lin]
  collapse library dir [/usr/lib/gcc/x86_64-redhat-linux/4.8.5/] ==> [/usr/lib/gcc/x86_64-redhat-linux/4.8.5]
  collapse library dir [/usr/lib/gcc/x86_64-redhat-linux/4.8.5/../../../../lib64] ==> [/usr/lib64]
  collapse library dir [/usr/lib/gcc/x86_64-redhat-linux/4.8.5/../../../../lib64/] ==> [/usr/lib64]
  collapse library dir [/lib/../lib64] ==> [/lib64]
  collapse library dir [/lib/../lib64/] ==> [/lib64]
  collapse library dir [/usr/lib/../lib64] ==> [/usr/lib64]
  collapse library dir [/usr/lib/../lib64/] ==> [/usr/lib64]
  collapse library dir [/opt/intel/clck/2019.5/lib/intel64/] ==> [/opt/intel/clck/2019.5/lib/intel64]
  collapse library dir [/opt/intel/compilers_and_libraries_2019.5.281/linux/mpi/intel64/libfabric/lib/] ==> [/opt/intel/compilers_and_libraries_2019.5.281/linux/mpi/intel64/libfabric/lib]
  collapse library dir [/opt/intel/compilers_and_libraries_2019.5.281/linux/ipp/lib/intel64/] ==> [/opt/intel/compilers_and_libraries_2019.5.281/linux/ipp/lib/intel64]
  collapse library dir [/opt/intel/compilers_and_libraries_2019.5.281/linux/compiler/lib/intel64_lin/] ==> [/opt/intel/compilers_and_libraries_2019.5.281/linux/compiler/lib/intel64_lin]
  collapse library dir [/opt/intel/compilers_and_libraries_2019.5.281/linux/mkl/lib/intel64_lin/] ==> [/opt/intel/compilers_and_libraries_2019.5.281/linux/mkl/lib/intel64_lin]
  collapse library dir [/opt/intel/compilers_and_libraries_2019.5.281/linux/tbb/lib/intel64/gcc4.7/] ==> [/opt/intel/compilers_and_libraries_2019.5.281/linux/tbb/lib/intel64/gcc4.7]
  collapse library dir [/opt/intel/compilers_and_libraries_2019.5.281/linux/daal/lib/intel64_lin/] ==> [/opt/intel/compilers_and_libraries_2019.5.281/linux/daal/lib/intel64_lin]
  collapse library dir [/usr/lib/gcc/x86_64-redhat-linux/4.8.5/../../../] ==> [/usr/lib]
  collapse library dir [/lib64] ==> [/lib64]
  collapse library dir [/lib/] ==> [/lib]
  collapse library dir [/usr/lib64] ==> [/usr/lib64]
  collapse library dir [/usr/lib] ==> [/usr/lib]
  collapse library dir [/usr/lib/i386-linux-gnu] ==> [/usr/lib/i386-linux-gnu]
  implicit libs: [imf;svml;irng;m;ipgo;decimal;cilkrts;stdc++;gcc;gcc_s;irc;svml;c;gcc;gcc_s;irc_s;dl;c]
  implicit dirs: [/opt/intel/clck/2019.5/lib/intel64;/opt/intel/compilers_and_libraries_2019.5.281/linux/mpi/intel64/libfabric/lib;/opt/intel/compilers_and_libraries_2019.5.281/linux/ipp/lib/intel64;/opt/intel/compilers_and_libraries_2019.5.281/linux/compiler/lib/intel64_lin;/opt/intel/compilers_and_libraries_2019.5.281/linux/mkl/lib/intel64_lin;/opt/intel/compilers_and_libraries_2019.5.281/linux/tbb/lib/intel64/gcc4.7;/opt/intel/compilers_and_libraries_2019.5.281/linux/daal/lib/intel64_lin;/usr/lib/gcc/x86_64-redhat-linux/4.8.5;/usr/lib64;/lib64;/usr/lib;/lib;/usr/lib/i386-linux-gnu]
  implicit fwks: []


